14:56:37,454 DEBUG main hibernate.SQL:109 - select geek0_.ID as ID1_1_, geek0_.email as email2_1_, geek0_.nom as nom3_1_, geek0_.pathavatar as pathavat4_1_, geek0_.prenom as prenom5_1_, geek0_.sexe as sexe6_1_ from GEEK geek0_
14:56:37,561 ERROR main spi.SqlExceptionHelper:146 - user lacks privilege or object not found: GEEK0_.EMAIL2_1_
14:59:04,477 DEBUG main hibernate.SQL:109 - select geek0_.ID as ID1_1_, geek0_.MAIL as MAIL2_1_, geek0_.nom as nom3_1_, geek0_.pathavatar as pathavat4_1_, geek0_.prenom as prenom5_1_, geek0_.sexe as sexe6_1_ from GEEK geek0_
14:59:04,603 DEBUG main hibernate.SQL:109 - select geek0_.ID as ID1_1_, geek0_.MAIL as MAIL2_1_, geek0_.nom as nom3_1_, geek0_.pathavatar as pathavat4_1_, geek0_.prenom as prenom5_1_, geek0_.sexe as sexe6_1_ from GEEK geek0_
14:59:38,282 DEBUG main hibernate.SQL:109 - select geek0_.ID as ID1_1_, geek0_.MAIL as MAIL2_1_, geek0_.nom as nom3_1_, geek0_.pathavatar as pathavat4_1_, geek0_.prenom as prenom5_1_, geek0_.sexe as sexe6_1_ from GEEK geek0_
15:38:59,647 DEBUG main hibernate.SQL:109 - select geek0_.ID as ID1_1_, geek0_.MAIL as MAIL2_1_, geek0_.nom as nom3_1_, geek0_.pathavatar as pathavat4_1_, geek0_.prenom as prenom5_1_, geek0_.sexe as sexe6_1_ from GEEK geek0_
16:01:50,628 DEBUG main hibernate.SQL:109 - select geek0_.ID as ID1_1_, geek0_.age as age2_1_, geek0_.MAIL as MAIL3_1_, geek0_.nom as nom4_1_, geek0_.pathavatar as pathavat5_1_, geek0_.prenom as prenom6_1_, geek0_.sexe as sexe7_1_ from GEEK geek0_
16:02:24,162 DEBUG main hibernate.SQL:109 - select geek0_.ID as ID1_1_, geek0_.age as age2_1_, geek0_.MAIL as MAIL3_1_, geek0_.nom as nom4_1_, geek0_.pathavatar as pathavat5_1_, geek0_.prenom as prenom6_1_, geek0_.sexe as sexe7_1_ from GEEK geek0_
16:03:31,792 DEBUG main hibernate.SQL:109 - select geek0_.ID as ID1_1_, geek0_.age as age2_1_, geek0_.MAIL as MAIL3_1_, geek0_.nom as nom4_1_, geek0_.pathavatar as pathavat5_1_, geek0_.prenom as prenom6_1_, geek0_.sexe as sexe7_1_ from GEEK geek0_
16:03:31,938 DEBUG main hibernate.SQL:109 - select geek0_.ID as ID1_1_, geek0_.age as age2_1_, geek0_.MAIL as MAIL3_1_, geek0_.nom as nom4_1_, geek0_.pathavatar as pathavat5_1_, geek0_.prenom as prenom6_1_, geek0_.sexe as sexe7_1_ from GEEK geek0_ where geek0_.nom=? and geek0_.prenom=?
16:10:11,163 DEBUG main hibernate.SQL:109 - select geek0_.ID as ID1_1_, geek0_.age as age2_1_, geek0_.MAIL as MAIL3_1_, geek0_.nom as nom4_1_, geek0_.pathavatar as pathavat5_1_, geek0_.prenom as prenom6_1_, geek0_.sexe as sexe7_1_ from GEEK geek0_
16:10:11,304 DEBUG main hibernate.SQL:109 - select geek0_.ID as ID1_1_, geek0_.age as age2_1_, geek0_.MAIL as MAIL3_1_, geek0_.nom as nom4_1_, geek0_.pathavatar as pathavat5_1_, geek0_.prenom as prenom6_1_, geek0_.sexe as sexe7_1_ from GEEK geek0_ where geek0_.nom=? and geek0_.prenom=?
16:13:28,462 DEBUG main hibernate.SQL:109 - select geek0_.ID as ID1_1_, geek0_.age as age2_1_, geek0_.MAIL as MAIL3_1_, geek0_.nom as nom4_1_, geek0_.pathavatar as pathavat5_1_, geek0_.prenom as prenom6_1_, geek0_.sexe as sexe7_1_ from GEEK geek0_
16:16:24,169 DEBUG main hibernate.SQL:109 - select geek0_.ID as ID1_1_, geek0_.age as age2_1_, geek0_.MAIL as MAIL3_1_, geek0_.nom as nom4_1_, geek0_.pathavatar as pathavat5_1_, geek0_.prenom as prenom6_1_, geek0_.sexe as sexe7_1_ from GEEK geek0_
16:16:24,310 DEBUG main hibernate.SQL:109 - select geek0_.ID as ID1_1_, geek0_.age as age2_1_, geek0_.MAIL as MAIL3_1_, geek0_.nom as nom4_1_, geek0_.pathavatar as pathavat5_1_, geek0_.prenom as prenom6_1_, geek0_.sexe as sexe7_1_ from GEEK geek0_ where geek0_.nom=? and geek0_.prenom=?
16:19:14,819 DEBUG main hibernate.SQL:109 - select geek0_.ID as ID1_1_, geek0_.age as age2_1_, geek0_.MAIL as MAIL3_1_, geek0_.nom as nom4_1_, geek0_.pathavatar as pathavat5_1_, geek0_.prenom as prenom6_1_, geek0_.sexe as sexe7_1_ from GEEK geek0_
16:19:14,961 DEBUG main hibernate.SQL:109 - select geek0_.ID as ID1_1_, geek0_.age as age2_1_, geek0_.MAIL as MAIL3_1_, geek0_.nom as nom4_1_, geek0_.pathavatar as pathavat5_1_, geek0_.prenom as prenom6_1_, geek0_.sexe as sexe7_1_ from GEEK geek0_ where geek0_.nom=? and geek0_.prenom=?
16:33:26,816 DEBUG main hibernate.SQL:109 - select geek0_.ID as ID1_1_, geek0_.age as age2_1_, geek0_.MAIL as MAIL3_1_, geek0_.nom as nom4_1_, geek0_.pathavatar as pathavat5_1_, geek0_.prenom as prenom6_1_, geek0_.sexe as sexe7_1_ from GEEK geek0_
16:33:26,958 DEBUG main hibernate.SQL:109 - select geek0_.ID as ID1_1_, geek0_.age as age2_1_, geek0_.MAIL as MAIL3_1_, geek0_.nom as nom4_1_, geek0_.pathavatar as pathavat5_1_, geek0_.prenom as prenom6_1_, geek0_.sexe as sexe7_1_ from GEEK geek0_ where geek0_.nom=? and geek0_.prenom=?
16:33:27,069 DEBUG main hibernate.SQL:109 - select geek0_.ID as ID1_1_, geek0_.age as age2_1_, geek0_.MAIL as MAIL3_1_, geek0_.nom as nom4_1_, geek0_.pathavatar as pathavat5_1_, geek0_.prenom as prenom6_1_, geek0_.sexe as sexe7_1_ from GEEK geek0_ where geek0_.sexe=?
16:35:30,159 DEBUG main hibernate.SQL:109 - select geek0_.ID as ID1_1_, geek0_.age as age2_1_, geek0_.MAIL as MAIL3_1_, geek0_.nom as nom4_1_, geek0_.pathavatar as pathavat5_1_, geek0_.prenom as prenom6_1_, geek0_.sexe as sexe7_1_ from GEEK geek0_
16:35:30,301 DEBUG main hibernate.SQL:109 - select geek0_.ID as ID1_1_, geek0_.age as age2_1_, geek0_.MAIL as MAIL3_1_, geek0_.nom as nom4_1_, geek0_.pathavatar as pathavat5_1_, geek0_.prenom as prenom6_1_, geek0_.sexe as sexe7_1_ from GEEK geek0_ where geek0_.nom=? and geek0_.prenom=?
16:35:30,413 DEBUG main hibernate.SQL:109 - select geek0_.ID as ID1_1_, geek0_.age as age2_1_, geek0_.MAIL as MAIL3_1_, geek0_.nom as nom4_1_, geek0_.pathavatar as pathavat5_1_, geek0_.prenom as prenom6_1_, geek0_.sexe as sexe7_1_ from GEEK geek0_ where geek0_.sexe=?
16:37:55,104 DEBUG main hibernate.SQL:109 - select geek0_.ID as ID1_1_, geek0_.age as age2_1_, geek0_.MAIL as MAIL3_1_, geek0_.nom as nom4_1_, geek0_.pathavatar as pathavat5_1_, geek0_.prenom as prenom6_1_, geek0_.sexe as sexe7_1_ from GEEK geek0_
16:37:55,245 DEBUG main hibernate.SQL:109 - select geek0_.ID as ID1_1_, geek0_.age as age2_1_, geek0_.MAIL as MAIL3_1_, geek0_.nom as nom4_1_, geek0_.pathavatar as pathavat5_1_, geek0_.prenom as prenom6_1_, geek0_.sexe as sexe7_1_ from GEEK geek0_ where geek0_.nom=? and geek0_.prenom=?
16:37:55,354 DEBUG main hibernate.SQL:109 - select geek0_.ID as ID1_1_, geek0_.age as age2_1_, geek0_.MAIL as MAIL3_1_, geek0_.nom as nom4_1_, geek0_.pathavatar as pathavat5_1_, geek0_.prenom as prenom6_1_, geek0_.sexe as sexe7_1_ from GEEK geek0_ where geek0_.sexe=?
16:39:36,952 DEBUG main hibernate.SQL:109 - select geek0_.ID as ID1_1_, geek0_.age as age2_1_, geek0_.MAIL as MAIL3_1_, geek0_.nom as nom4_1_, geek0_.pathavatar as pathavat5_1_, geek0_.prenom as prenom6_1_, geek0_.sexe as sexe7_1_ from GEEK geek0_
16:39:37,095 DEBUG main hibernate.SQL:109 - select geek0_.ID as ID1_1_, geek0_.age as age2_1_, geek0_.MAIL as MAIL3_1_, geek0_.nom as nom4_1_, geek0_.pathavatar as pathavat5_1_, geek0_.prenom as prenom6_1_, geek0_.sexe as sexe7_1_ from GEEK geek0_ where geek0_.nom=? and geek0_.prenom=?
16:39:37,203 DEBUG main hibernate.SQL:109 - select geek0_.ID as ID1_1_, geek0_.age as age2_1_, geek0_.MAIL as MAIL3_1_, geek0_.nom as nom4_1_, geek0_.pathavatar as pathavat5_1_, geek0_.prenom as prenom6_1_, geek0_.sexe as sexe7_1_ from GEEK geek0_ where geek0_.sexe=?
16:39:37,307 DEBUG main hibernate.SQL:109 - select geek0_.ID as ID1_1_, geek0_.age as age2_1_, geek0_.MAIL as MAIL3_1_, geek0_.nom as nom4_1_, geek0_.pathavatar as pathavat5_1_, geek0_.prenom as prenom6_1_, geek0_.sexe as sexe7_1_ from GEEK geek0_ where geek0_.sexe=?
16:44:12,692 DEBUG main hibernate.SQL:109 - select geek0_.ID as ID1_1_, geek0_.age as age2_1_, geek0_.MAIL as MAIL3_1_, geek0_.nom as nom4_1_, geek0_.pathavatar as pathavat5_1_, geek0_.prenom as prenom6_1_, geek0_.sexe as sexe7_1_ from GEEK geek0_
16:44:12,834 DEBUG main hibernate.SQL:109 - select geek0_.ID as ID1_1_, geek0_.age as age2_1_, geek0_.MAIL as MAIL3_1_, geek0_.nom as nom4_1_, geek0_.pathavatar as pathavat5_1_, geek0_.prenom as prenom6_1_, geek0_.sexe as sexe7_1_ from GEEK geek0_ where geek0_.nom=? and geek0_.prenom=?
16:44:12,942 DEBUG main hibernate.SQL:109 - select geek0_.ID as ID1_1_, geek0_.age as age2_1_, geek0_.MAIL as MAIL3_1_, geek0_.nom as nom4_1_, geek0_.pathavatar as pathavat5_1_, geek0_.prenom as prenom6_1_, geek0_.sexe as sexe7_1_ from GEEK geek0_ where geek0_.sexe=?
16:44:13,046 DEBUG main hibernate.SQL:109 - select geek0_.ID as ID1_1_, geek0_.age as age2_1_, geek0_.MAIL as MAIL3_1_, geek0_.nom as nom4_1_, geek0_.pathavatar as pathavat5_1_, geek0_.prenom as prenom6_1_, geek0_.sexe as sexe7_1_ from GEEK geek0_ where geek0_.sexe=?
16:44:13,154 DEBUG main hibernate.SQL:109 - select geek0_.ID as ID1_1_0_, geek0_.age as age2_1_0_, geek0_.MAIL as MAIL3_1_0_, geek0_.nom as nom4_1_0_, geek0_.pathavatar as pathavat5_1_0_, geek0_.prenom as prenom6_1_0_, geek0_.sexe as sexe7_1_0_ from GEEK geek0_ where geek0_.ID=?
16:44:13,261 DEBUG main hibernate.SQL:109 - select geek0_.ID as ID1_1_0_, geek0_.age as age2_1_0_, geek0_.MAIL as MAIL3_1_0_, geek0_.nom as nom4_1_0_, geek0_.pathavatar as pathavat5_1_0_, geek0_.prenom as prenom6_1_0_, geek0_.sexe as sexe7_1_0_ from GEEK geek0_ where geek0_.ID=?
16:49:35,909 DEBUG main hibernate.SQL:109 - select geek0_.ID as ID1_1_0_, centreinte2_.ID as ID1_0_1_, geek0_.age as age2_1_0_, geek0_.MAIL as MAIL3_1_0_, geek0_.nom as nom4_1_0_, geek0_.pathavatar as pathavat5_1_0_, geek0_.prenom as prenom6_1_0_, geek0_.sexe as sexe7_1_0_, centreinte2_.description as descript2_0_1_, centreinte2_.titre as titre3_0_1_, listecentr1_.ID_GEEK as ID_GEEK1_1_0__, listecentr1_.ID_INTERET as ID_INTER2_2_0__ from GEEK geek0_ left outer join GEEK_CENTRES_INTERET listecentr1_ on geek0_.ID=listecentr1_.ID_GEEK left outer join CENTRES_INTERET centreinte2_ on listecentr1_.ID_INTERET=centreinte2_.ID
16:49:36,045 DEBUG main hibernate.SQL:109 - select geek0_.ID as ID1_1_, geek0_.age as age2_1_, geek0_.MAIL as MAIL3_1_, geek0_.nom as nom4_1_, geek0_.pathavatar as pathavat5_1_, geek0_.prenom as prenom6_1_, geek0_.sexe as sexe7_1_ from GEEK geek0_ where geek0_.nom=? and geek0_.prenom=?
16:49:36,162 DEBUG main hibernate.SQL:109 - select geek0_.ID as ID1_1_, geek0_.age as age2_1_, geek0_.MAIL as MAIL3_1_, geek0_.nom as nom4_1_, geek0_.pathavatar as pathavat5_1_, geek0_.prenom as prenom6_1_, geek0_.sexe as sexe7_1_ from GEEK geek0_ where geek0_.sexe=?
16:49:36,266 DEBUG main hibernate.SQL:109 - select geek0_.ID as ID1_1_, geek0_.age as age2_1_, geek0_.MAIL as MAIL3_1_, geek0_.nom as nom4_1_, geek0_.pathavatar as pathavat5_1_, geek0_.prenom as prenom6_1_, geek0_.sexe as sexe7_1_ from GEEK geek0_ where geek0_.sexe=?
16:49:36,373 DEBUG main hibernate.SQL:109 - select geek0_.ID as ID1_1_0_, geek0_.age as age2_1_0_, geek0_.MAIL as MAIL3_1_0_, geek0_.nom as nom4_1_0_, geek0_.pathavatar as pathavat5_1_0_, geek0_.prenom as prenom6_1_0_, geek0_.sexe as sexe7_1_0_ from GEEK geek0_ where geek0_.ID=?
16:49:36,480 DEBUG main hibernate.SQL:109 - select geek0_.ID as ID1_1_0_, geek0_.age as age2_1_0_, geek0_.MAIL as MAIL3_1_0_, geek0_.nom as nom4_1_0_, geek0_.pathavatar as pathavat5_1_0_, geek0_.prenom as prenom6_1_0_, geek0_.sexe as sexe7_1_0_ from GEEK geek0_ where geek0_.ID=?
16:51:21,726 DEBUG main hibernate.SQL:109 - select geek0_.ID as ID1_1_0_, centreinte2_.ID as ID1_0_1_, geek0_.age as age2_1_0_, geek0_.MAIL as MAIL3_1_0_, geek0_.nom as nom4_1_0_, geek0_.pathavatar as pathavat5_1_0_, geek0_.prenom as prenom6_1_0_, geek0_.sexe as sexe7_1_0_, centreinte2_.description as descript2_0_1_, centreinte2_.titre as titre3_0_1_, listecentr1_.ID_GEEK as ID_GEEK1_1_0__, listecentr1_.ID_INTERET as ID_INTER2_2_0__ from GEEK geek0_ left outer join GEEK_CENTRES_INTERET listecentr1_ on geek0_.ID=listecentr1_.ID_GEEK left outer join CENTRES_INTERET centreinte2_ on listecentr1_.ID_INTERET=centreinte2_.ID
16:51:21,861 DEBUG main hibernate.SQL:109 - select geek0_.ID as ID1_1_, geek0_.age as age2_1_, geek0_.MAIL as MAIL3_1_, geek0_.nom as nom4_1_, geek0_.pathavatar as pathavat5_1_, geek0_.prenom as prenom6_1_, geek0_.sexe as sexe7_1_ from GEEK geek0_ where geek0_.nom=? and geek0_.prenom=?
16:51:21,979 DEBUG main hibernate.SQL:109 - select geek0_.ID as ID1_1_, geek0_.age as age2_1_, geek0_.MAIL as MAIL3_1_, geek0_.nom as nom4_1_, geek0_.pathavatar as pathavat5_1_, geek0_.prenom as prenom6_1_, geek0_.sexe as sexe7_1_ from GEEK geek0_ where geek0_.sexe=?
16:51:22,083 DEBUG main hibernate.SQL:109 - select geek0_.ID as ID1_1_, geek0_.age as age2_1_, geek0_.MAIL as MAIL3_1_, geek0_.nom as nom4_1_, geek0_.pathavatar as pathavat5_1_, geek0_.prenom as prenom6_1_, geek0_.sexe as sexe7_1_ from GEEK geek0_ where geek0_.sexe=?
16:51:22,189 DEBUG main hibernate.SQL:109 - select geek0_.ID as ID1_1_0_, geek0_.age as age2_1_0_, geek0_.MAIL as MAIL3_1_0_, geek0_.nom as nom4_1_0_, geek0_.pathavatar as pathavat5_1_0_, geek0_.prenom as prenom6_1_0_, geek0_.sexe as sexe7_1_0_ from GEEK geek0_ where geek0_.ID=?
16:51:22,297 DEBUG main hibernate.SQL:109 - select geek0_.ID as ID1_1_0_, geek0_.age as age2_1_0_, geek0_.MAIL as MAIL3_1_0_, geek0_.nom as nom4_1_0_, geek0_.pathavatar as pathavat5_1_0_, geek0_.prenom as prenom6_1_0_, geek0_.sexe as sexe7_1_0_ from GEEK geek0_ where geek0_.ID=?
16:52:38,738 DEBUG main hibernate.SQL:109 - select geek0_.ID as ID1_1_0_, centreinte2_.ID as ID1_0_1_, geek0_.age as age2_1_0_, geek0_.MAIL as MAIL3_1_0_, geek0_.nom as nom4_1_0_, geek0_.pathavatar as pathavat5_1_0_, geek0_.prenom as prenom6_1_0_, geek0_.sexe as sexe7_1_0_, centreinte2_.description as descript2_0_1_, centreinte2_.titre as titre3_0_1_, listecentr1_.ID_GEEK as ID_GEEK1_1_0__, listecentr1_.ID_INTERET as ID_INTER2_2_0__ from GEEK geek0_ left outer join GEEK_CENTRES_INTERET listecentr1_ on geek0_.ID=listecentr1_.ID_GEEK left outer join CENTRES_INTERET centreinte2_ on listecentr1_.ID_INTERET=centreinte2_.ID
16:52:38,877 DEBUG main hibernate.SQL:109 - select geek0_.ID as ID1_1_, geek0_.age as age2_1_, geek0_.MAIL as MAIL3_1_, geek0_.nom as nom4_1_, geek0_.pathavatar as pathavat5_1_, geek0_.prenom as prenom6_1_, geek0_.sexe as sexe7_1_ from GEEK geek0_ where geek0_.nom=? and geek0_.prenom=?
16:52:38,996 DEBUG main hibernate.SQL:109 - select geek0_.ID as ID1_1_, geek0_.age as age2_1_, geek0_.MAIL as MAIL3_1_, geek0_.nom as nom4_1_, geek0_.pathavatar as pathavat5_1_, geek0_.prenom as prenom6_1_, geek0_.sexe as sexe7_1_ from GEEK geek0_ where geek0_.sexe=?
16:52:39,101 DEBUG main hibernate.SQL:109 - select geek0_.ID as ID1_1_, geek0_.age as age2_1_, geek0_.MAIL as MAIL3_1_, geek0_.nom as nom4_1_, geek0_.pathavatar as pathavat5_1_, geek0_.prenom as prenom6_1_, geek0_.sexe as sexe7_1_ from GEEK geek0_ where geek0_.sexe=?
16:52:39,207 DEBUG main hibernate.SQL:109 - select geek0_.ID as ID1_1_0_, geek0_.age as age2_1_0_, geek0_.MAIL as MAIL3_1_0_, geek0_.nom as nom4_1_0_, geek0_.pathavatar as pathavat5_1_0_, geek0_.prenom as prenom6_1_0_, geek0_.sexe as sexe7_1_0_ from GEEK geek0_ where geek0_.ID=?
16:52:39,316 DEBUG main hibernate.SQL:109 - select geek0_.ID as ID1_1_0_, geek0_.age as age2_1_0_, geek0_.MAIL as MAIL3_1_0_, geek0_.nom as nom4_1_0_, geek0_.pathavatar as pathavat5_1_0_, geek0_.prenom as prenom6_1_0_, geek0_.sexe as sexe7_1_0_ from GEEK geek0_ where geek0_.ID=?
16:52:39,420 DEBUG main hibernate.SQL:109 - select geek0_.ID as ID1_1_0_, geek0_.age as age2_1_0_, geek0_.MAIL as MAIL3_1_0_, geek0_.nom as nom4_1_0_, geek0_.pathavatar as pathavat5_1_0_, geek0_.prenom as prenom6_1_0_, geek0_.sexe as sexe7_1_0_ from GEEK geek0_ where geek0_.ID=?
16:53:08,437 DEBUG main hibernate.SQL:109 - select geek0_.ID as ID1_1_0_, centreinte2_.ID as ID1_0_1_, geek0_.age as age2_1_0_, geek0_.MAIL as MAIL3_1_0_, geek0_.nom as nom4_1_0_, geek0_.pathavatar as pathavat5_1_0_, geek0_.prenom as prenom6_1_0_, geek0_.sexe as sexe7_1_0_, centreinte2_.description as descript2_0_1_, centreinte2_.titre as titre3_0_1_, listecentr1_.ID_GEEK as ID_GEEK1_1_0__, listecentr1_.ID_INTERET as ID_INTER2_2_0__ from GEEK geek0_ left outer join GEEK_CENTRES_INTERET listecentr1_ on geek0_.ID=listecentr1_.ID_GEEK left outer join CENTRES_INTERET centreinte2_ on listecentr1_.ID_INTERET=centreinte2_.ID
16:53:08,572 DEBUG main hibernate.SQL:109 - select geek0_.ID as ID1_1_, geek0_.age as age2_1_, geek0_.MAIL as MAIL3_1_, geek0_.nom as nom4_1_, geek0_.pathavatar as pathavat5_1_, geek0_.prenom as prenom6_1_, geek0_.sexe as sexe7_1_ from GEEK geek0_ where geek0_.nom=? and geek0_.prenom=?
16:53:08,690 DEBUG main hibernate.SQL:109 - select geek0_.ID as ID1_1_, geek0_.age as age2_1_, geek0_.MAIL as MAIL3_1_, geek0_.nom as nom4_1_, geek0_.pathavatar as pathavat5_1_, geek0_.prenom as prenom6_1_, geek0_.sexe as sexe7_1_ from GEEK geek0_ where geek0_.sexe=?
16:53:08,794 DEBUG main hibernate.SQL:109 - select geek0_.ID as ID1_1_, geek0_.age as age2_1_, geek0_.MAIL as MAIL3_1_, geek0_.nom as nom4_1_, geek0_.pathavatar as pathavat5_1_, geek0_.prenom as prenom6_1_, geek0_.sexe as sexe7_1_ from GEEK geek0_ where geek0_.sexe=?
16:53:08,900 DEBUG main hibernate.SQL:109 - select geek0_.ID as ID1_1_0_, geek0_.age as age2_1_0_, geek0_.MAIL as MAIL3_1_0_, geek0_.nom as nom4_1_0_, geek0_.pathavatar as pathavat5_1_0_, geek0_.prenom as prenom6_1_0_, geek0_.sexe as sexe7_1_0_ from GEEK geek0_ where geek0_.ID=?
16:53:09,008 DEBUG main hibernate.SQL:109 - select geek0_.ID as ID1_1_0_, geek0_.age as age2_1_0_, geek0_.MAIL as MAIL3_1_0_, geek0_.nom as nom4_1_0_, geek0_.pathavatar as pathavat5_1_0_, geek0_.prenom as prenom6_1_0_, geek0_.sexe as sexe7_1_0_ from GEEK geek0_ where geek0_.ID=?
16:53:09,112 DEBUG main hibernate.SQL:109 - select geek0_.ID as ID1_1_0_, geek0_.age as age2_1_0_, geek0_.MAIL as MAIL3_1_0_, geek0_.nom as nom4_1_0_, geek0_.pathavatar as pathavat5_1_0_, geek0_.prenom as prenom6_1_0_, geek0_.sexe as sexe7_1_0_ from GEEK geek0_ where geek0_.ID=?
16:55:52,295 DEBUG main hibernate.SQL:109 - select geek0_.ID as ID1_1_0_, centreinte2_.ID as ID1_0_1_, geek0_.age as age2_1_0_, geek0_.MAIL as MAIL3_1_0_, geek0_.nom as nom4_1_0_, geek0_.pathavatar as pathavat5_1_0_, geek0_.prenom as prenom6_1_0_, geek0_.sexe as sexe7_1_0_, centreinte2_.description as descript2_0_1_, centreinte2_.titre as titre3_0_1_, listecentr1_.ID_GEEK as ID_GEEK1_1_0__, listecentr1_.ID_INTERET as ID_INTER2_2_0__ from GEEK geek0_ left outer join GEEK_CENTRES_INTERET listecentr1_ on geek0_.ID=listecentr1_.ID_GEEK left outer join CENTRES_INTERET centreinte2_ on listecentr1_.ID_INTERET=centreinte2_.ID
16:55:52,441 DEBUG main hibernate.SQL:109 - select geek0_.ID as ID1_1_, geek0_.age as age2_1_, geek0_.MAIL as MAIL3_1_, geek0_.nom as nom4_1_, geek0_.pathavatar as pathavat5_1_, geek0_.prenom as prenom6_1_, geek0_.sexe as sexe7_1_ from GEEK geek0_ where geek0_.nom=? and geek0_.prenom=?
16:55:52,550 DEBUG main hibernate.SQL:109 - select geek0_.ID as ID1_1_, geek0_.age as age2_1_, geek0_.MAIL as MAIL3_1_, geek0_.nom as nom4_1_, geek0_.pathavatar as pathavat5_1_, geek0_.prenom as prenom6_1_, geek0_.sexe as sexe7_1_ from GEEK geek0_ where geek0_.sexe=?
16:55:52,654 DEBUG main hibernate.SQL:109 - select geek0_.ID as ID1_1_, geek0_.age as age2_1_, geek0_.MAIL as MAIL3_1_, geek0_.nom as nom4_1_, geek0_.pathavatar as pathavat5_1_, geek0_.prenom as prenom6_1_, geek0_.sexe as sexe7_1_ from GEEK geek0_ where geek0_.sexe=?
16:55:52,759 DEBUG main hibernate.SQL:109 - select geek0_.ID as ID1_1_0_, geek0_.age as age2_1_0_, geek0_.MAIL as MAIL3_1_0_, geek0_.nom as nom4_1_0_, geek0_.pathavatar as pathavat5_1_0_, geek0_.prenom as prenom6_1_0_, geek0_.sexe as sexe7_1_0_ from GEEK geek0_ where geek0_.ID=?
16:55:52,866 DEBUG main hibernate.SQL:109 - select geek0_.ID as ID1_1_0_, geek0_.age as age2_1_0_, geek0_.MAIL as MAIL3_1_0_, geek0_.nom as nom4_1_0_, geek0_.pathavatar as pathavat5_1_0_, geek0_.prenom as prenom6_1_0_, geek0_.sexe as sexe7_1_0_ from GEEK geek0_ where geek0_.ID=?
16:55:52,969 DEBUG main hibernate.SQL:109 - select geek0_.ID as ID1_1_0_, geek0_.age as age2_1_0_, geek0_.MAIL as MAIL3_1_0_, geek0_.nom as nom4_1_0_, geek0_.pathavatar as pathavat5_1_0_, geek0_.prenom as prenom6_1_0_, geek0_.sexe as sexe7_1_0_ from GEEK geek0_ where geek0_.ID=?
17:02:44,239 DEBUG main hibernate.SQL:109 - select geek0_.ID as ID1_1_0_, centreinte2_.ID as ID1_0_1_, geek0_.age as age2_1_0_, geek0_.MAIL as MAIL3_1_0_, geek0_.nom as nom4_1_0_, geek0_.pathavatar as pathavat5_1_0_, geek0_.prenom as prenom6_1_0_, geek0_.sexe as sexe7_1_0_, centreinte2_.description as descript2_0_1_, centreinte2_.titre as titre3_0_1_, listecentr1_.ID_GEEK as ID_GEEK1_1_0__, listecentr1_.ID_INTERET as ID_INTER2_2_0__ from GEEK geek0_ left outer join GEEK_CENTRES_INTERET listecentr1_ on geek0_.ID=listecentr1_.ID_GEEK left outer join CENTRES_INTERET centreinte2_ on listecentr1_.ID_INTERET=centreinte2_.ID
17:02:44,385 DEBUG main hibernate.SQL:109 - select geek0_.ID as ID1_1_, geek0_.age as age2_1_, geek0_.MAIL as MAIL3_1_, geek0_.nom as nom4_1_, geek0_.pathavatar as pathavat5_1_, geek0_.prenom as prenom6_1_, geek0_.sexe as sexe7_1_ from GEEK geek0_ where geek0_.nom=? and geek0_.prenom=?
17:02:44,490 DEBUG main hibernate.SQL:109 - select geek0_.ID as ID1_1_, geek0_.age as age2_1_, geek0_.MAIL as MAIL3_1_, geek0_.nom as nom4_1_, geek0_.pathavatar as pathavat5_1_, geek0_.prenom as prenom6_1_, geek0_.sexe as sexe7_1_ from GEEK geek0_ where geek0_.nom=? and geek0_.prenom=?
17:02:44,595 DEBUG main hibernate.SQL:109 - select geek0_.ID as ID1_1_, geek0_.age as age2_1_, geek0_.MAIL as MAIL3_1_, geek0_.nom as nom4_1_, geek0_.pathavatar as pathavat5_1_, geek0_.prenom as prenom6_1_, geek0_.sexe as sexe7_1_ from GEEK geek0_ where geek0_.nom=? and geek0_.prenom=?
17:02:44,702 DEBUG main hibernate.SQL:109 - select geek0_.ID as ID1_1_, geek0_.age as age2_1_, geek0_.MAIL as MAIL3_1_, geek0_.nom as nom4_1_, geek0_.pathavatar as pathavat5_1_, geek0_.prenom as prenom6_1_, geek0_.sexe as sexe7_1_ from GEEK geek0_ where geek0_.sexe=?
17:02:44,807 DEBUG main hibernate.SQL:109 - select geek0_.ID as ID1_1_, geek0_.age as age2_1_, geek0_.MAIL as MAIL3_1_, geek0_.nom as nom4_1_, geek0_.pathavatar as pathavat5_1_, geek0_.prenom as prenom6_1_, geek0_.sexe as sexe7_1_ from GEEK geek0_ where geek0_.sexe=?
17:02:44,912 DEBUG main hibernate.SQL:109 - select geek0_.ID as ID1_1_0_, geek0_.age as age2_1_0_, geek0_.MAIL as MAIL3_1_0_, geek0_.nom as nom4_1_0_, geek0_.pathavatar as pathavat5_1_0_, geek0_.prenom as prenom6_1_0_, geek0_.sexe as sexe7_1_0_ from GEEK geek0_ where geek0_.ID=?
17:02:45,020 DEBUG main hibernate.SQL:109 - select geek0_.ID as ID1_1_0_, geek0_.age as age2_1_0_, geek0_.MAIL as MAIL3_1_0_, geek0_.nom as nom4_1_0_, geek0_.pathavatar as pathavat5_1_0_, geek0_.prenom as prenom6_1_0_, geek0_.sexe as sexe7_1_0_ from GEEK geek0_ where geek0_.ID=?
17:02:45,124 DEBUG main hibernate.SQL:109 - select geek0_.ID as ID1_1_0_, geek0_.age as age2_1_0_, geek0_.MAIL as MAIL3_1_0_, geek0_.nom as nom4_1_0_, geek0_.pathavatar as pathavat5_1_0_, geek0_.prenom as prenom6_1_0_, geek0_.sexe as sexe7_1_0_ from GEEK geek0_ where geek0_.ID=?
17:05:23,547 DEBUG main hibernate.SQL:109 - select geek0_.ID as ID1_1_0_, centreinte2_.ID as ID1_0_1_, geek0_.age as age2_1_0_, geek0_.MAIL as MAIL3_1_0_, geek0_.nom as nom4_1_0_, geek0_.pathavatar as pathavat5_1_0_, geek0_.prenom as prenom6_1_0_, geek0_.sexe as sexe7_1_0_, centreinte2_.description as descript2_0_1_, centreinte2_.titre as titre3_0_1_, listecentr1_.ID_GEEK as ID_GEEK1_1_0__, listecentr1_.ID_INTERET as ID_INTER2_2_0__ from GEEK geek0_ left outer join GEEK_CENTRES_INTERET listecentr1_ on geek0_.ID=listecentr1_.ID_GEEK left outer join CENTRES_INTERET centreinte2_ on listecentr1_.ID_INTERET=centreinte2_.ID
17:05:23,692 DEBUG main hibernate.SQL:109 - select geek0_.ID as ID1_1_, geek0_.age as age2_1_, geek0_.MAIL as MAIL3_1_, geek0_.nom as nom4_1_, geek0_.pathavatar as pathavat5_1_, geek0_.prenom as prenom6_1_, geek0_.sexe as sexe7_1_ from GEEK geek0_ where geek0_.nom=? and geek0_.prenom=?
17:05:23,797 DEBUG main hibernate.SQL:109 - select geek0_.ID as ID1_1_, geek0_.age as age2_1_, geek0_.MAIL as MAIL3_1_, geek0_.nom as nom4_1_, geek0_.pathavatar as pathavat5_1_, geek0_.prenom as prenom6_1_, geek0_.sexe as sexe7_1_ from GEEK geek0_ where geek0_.nom=? and geek0_.prenom=?
17:05:23,901 DEBUG main hibernate.SQL:109 - select geek0_.ID as ID1_1_, geek0_.age as age2_1_, geek0_.MAIL as MAIL3_1_, geek0_.nom as nom4_1_, geek0_.pathavatar as pathavat5_1_, geek0_.prenom as prenom6_1_, geek0_.sexe as sexe7_1_ from GEEK geek0_ where geek0_.nom=? and geek0_.prenom=?
17:05:24,009 DEBUG main hibernate.SQL:109 - select geek0_.ID as ID1_1_, geek0_.age as age2_1_, geek0_.MAIL as MAIL3_1_, geek0_.nom as nom4_1_, geek0_.pathavatar as pathavat5_1_, geek0_.prenom as prenom6_1_, geek0_.sexe as sexe7_1_ from GEEK geek0_ where geek0_.sexe=?
17:05:24,113 DEBUG main hibernate.SQL:109 - select geek0_.ID as ID1_1_, geek0_.age as age2_1_, geek0_.MAIL as MAIL3_1_, geek0_.nom as nom4_1_, geek0_.pathavatar as pathavat5_1_, geek0_.prenom as prenom6_1_, geek0_.sexe as sexe7_1_ from GEEK geek0_ where geek0_.sexe=?
17:05:24,218 DEBUG main hibernate.SQL:109 - select geek0_.ID as ID1_1_0_, geek0_.age as age2_1_0_, geek0_.MAIL as MAIL3_1_0_, geek0_.nom as nom4_1_0_, geek0_.pathavatar as pathavat5_1_0_, geek0_.prenom as prenom6_1_0_, geek0_.sexe as sexe7_1_0_ from GEEK geek0_ where geek0_.ID=?
17:05:24,326 DEBUG main hibernate.SQL:109 - select geek0_.ID as ID1_1_0_, geek0_.age as age2_1_0_, geek0_.MAIL as MAIL3_1_0_, geek0_.nom as nom4_1_0_, geek0_.pathavatar as pathavat5_1_0_, geek0_.prenom as prenom6_1_0_, geek0_.sexe as sexe7_1_0_ from GEEK geek0_ where geek0_.ID=?
17:05:24,429 DEBUG main hibernate.SQL:109 - select geek0_.ID as ID1_1_0_, geek0_.age as age2_1_0_, geek0_.MAIL as MAIL3_1_0_, geek0_.nom as nom4_1_0_, geek0_.pathavatar as pathavat5_1_0_, geek0_.prenom as prenom6_1_0_, geek0_.sexe as sexe7_1_0_ from GEEK geek0_ where geek0_.ID=?
17:08:19,093 DEBUG main hibernate.SQL:109 - select geek0_.ID as ID1_1_0_, centreinte2_.ID as ID1_0_1_, geek0_.age as age2_1_0_, geek0_.MAIL as MAIL3_1_0_, geek0_.nom as nom4_1_0_, geek0_.pathavatar as pathavat5_1_0_, geek0_.prenom as prenom6_1_0_, geek0_.sexe as sexe7_1_0_, centreinte2_.description as descript2_0_1_, centreinte2_.titre as titre3_0_1_, listecentr1_.ID_GEEK as ID_GEEK1_1_0__, listecentr1_.ID_INTERET as ID_INTER2_2_0__ from GEEK geek0_ left outer join GEEK_CENTRES_INTERET listecentr1_ on geek0_.ID=listecentr1_.ID_GEEK left outer join CENTRES_INTERET centreinte2_ on listecentr1_.ID_INTERET=centreinte2_.ID
17:08:19,239 DEBUG main hibernate.SQL:109 - select geek0_.ID as ID1_1_, geek0_.age as age2_1_, geek0_.MAIL as MAIL3_1_, geek0_.nom as nom4_1_, geek0_.pathavatar as pathavat5_1_, geek0_.prenom as prenom6_1_, geek0_.sexe as sexe7_1_ from GEEK geek0_ where geek0_.nom=? and geek0_.prenom=?
17:08:19,344 DEBUG main hibernate.SQL:109 - select geek0_.ID as ID1_1_, geek0_.age as age2_1_, geek0_.MAIL as MAIL3_1_, geek0_.nom as nom4_1_, geek0_.pathavatar as pathavat5_1_, geek0_.prenom as prenom6_1_, geek0_.sexe as sexe7_1_ from GEEK geek0_ where geek0_.nom=? and geek0_.prenom=?
17:08:19,448 DEBUG main hibernate.SQL:109 - select geek0_.ID as ID1_1_, geek0_.age as age2_1_, geek0_.MAIL as MAIL3_1_, geek0_.nom as nom4_1_, geek0_.pathavatar as pathavat5_1_, geek0_.prenom as prenom6_1_, geek0_.sexe as sexe7_1_ from GEEK geek0_ where geek0_.nom=? and geek0_.prenom=?
17:08:19,557 DEBUG main hibernate.SQL:109 - select geek0_.ID as ID1_1_, geek0_.age as age2_1_, geek0_.MAIL as MAIL3_1_, geek0_.nom as nom4_1_, geek0_.pathavatar as pathavat5_1_, geek0_.prenom as prenom6_1_, geek0_.sexe as sexe7_1_ from GEEK geek0_ where geek0_.sexe=?
17:08:19,661 DEBUG main hibernate.SQL:109 - select geek0_.ID as ID1_1_, geek0_.age as age2_1_, geek0_.MAIL as MAIL3_1_, geek0_.nom as nom4_1_, geek0_.pathavatar as pathavat5_1_, geek0_.prenom as prenom6_1_, geek0_.sexe as sexe7_1_ from GEEK geek0_ where geek0_.sexe=?
17:08:19,767 DEBUG main hibernate.SQL:109 - select geek0_.ID as ID1_1_0_, geek0_.age as age2_1_0_, geek0_.MAIL as MAIL3_1_0_, geek0_.nom as nom4_1_0_, geek0_.pathavatar as pathavat5_1_0_, geek0_.prenom as prenom6_1_0_, geek0_.sexe as sexe7_1_0_ from GEEK geek0_ where geek0_.ID=?
17:08:19,874 DEBUG main hibernate.SQL:109 - select geek0_.ID as ID1_1_0_, geek0_.age as age2_1_0_, geek0_.MAIL as MAIL3_1_0_, geek0_.nom as nom4_1_0_, geek0_.pathavatar as pathavat5_1_0_, geek0_.prenom as prenom6_1_0_, geek0_.sexe as sexe7_1_0_ from GEEK geek0_ where geek0_.ID=?
17:08:19,977 DEBUG main hibernate.SQL:109 - select geek0_.ID as ID1_1_0_, geek0_.age as age2_1_0_, geek0_.MAIL as MAIL3_1_0_, geek0_.nom as nom4_1_0_, geek0_.pathavatar as pathavat5_1_0_, geek0_.prenom as prenom6_1_0_, geek0_.sexe as sexe7_1_0_ from GEEK geek0_ where geek0_.ID=?
19:47:05,730 DEBUG main hibernate.SQL:109 - select distinct geek0_.ID as ID1_1_0_, centreinte2_.ID as ID1_0_1_, geek0_.age as age2_1_0_, geek0_.MAIL as MAIL3_1_0_, geek0_.nom as nom4_1_0_, geek0_.pathavatar as pathavat5_1_0_, geek0_.prenom as prenom6_1_0_, geek0_.sexe as sexe7_1_0_, centreinte2_.description as descript2_0_1_, centreinte2_.titre as titre3_0_1_, listecentr1_.ID_GEEK as ID_GEEK1_1_0__, listecentr1_.ID_INTERET as ID_INTER2_2_0__ from GEEK geek0_ left outer join GEEK_CENTRES_INTERET listecentr1_ on geek0_.ID=listecentr1_.ID_GEEK left outer join CENTRES_INTERET centreinte2_ on listecentr1_.ID_INTERET=centreinte2_.ID
19:47:05,997 DEBUG main hibernate.SQL:109 - select geek0_.ID as ID1_1_, geek0_.age as age2_1_, geek0_.MAIL as MAIL3_1_, geek0_.nom as nom4_1_, geek0_.pathavatar as pathavat5_1_, geek0_.prenom as prenom6_1_, geek0_.sexe as sexe7_1_ from GEEK geek0_ where geek0_.nom=? and geek0_.prenom=?
19:47:06,138 DEBUG main hibernate.SQL:109 - select geek0_.ID as ID1_1_, geek0_.age as age2_1_, geek0_.MAIL as MAIL3_1_, geek0_.nom as nom4_1_, geek0_.pathavatar as pathavat5_1_, geek0_.prenom as prenom6_1_, geek0_.sexe as sexe7_1_ from GEEK geek0_ where geek0_.nom=? and geek0_.prenom=?
19:47:06,262 DEBUG main hibernate.SQL:109 - select geek0_.ID as ID1_1_, geek0_.age as age2_1_, geek0_.MAIL as MAIL3_1_, geek0_.nom as nom4_1_, geek0_.pathavatar as pathavat5_1_, geek0_.prenom as prenom6_1_, geek0_.sexe as sexe7_1_ from GEEK geek0_ where geek0_.nom=? and geek0_.prenom=?
19:47:06,402 DEBUG main hibernate.SQL:109 - select geek0_.ID as ID1_1_, geek0_.age as age2_1_, geek0_.MAIL as MAIL3_1_, geek0_.nom as nom4_1_, geek0_.pathavatar as pathavat5_1_, geek0_.prenom as prenom6_1_, geek0_.sexe as sexe7_1_ from GEEK geek0_ where geek0_.sexe=?
19:47:06,545 DEBUG main hibernate.SQL:109 - select geek0_.ID as ID1_1_, geek0_.age as age2_1_, geek0_.MAIL as MAIL3_1_, geek0_.nom as nom4_1_, geek0_.pathavatar as pathavat5_1_, geek0_.prenom as prenom6_1_, geek0_.sexe as sexe7_1_ from GEEK geek0_ where geek0_.sexe=?
19:47:06,675 DEBUG main hibernate.SQL:109 - select geek0_.ID as ID1_1_0_, geek0_.age as age2_1_0_, geek0_.MAIL as MAIL3_1_0_, geek0_.nom as nom4_1_0_, geek0_.pathavatar as pathavat5_1_0_, geek0_.prenom as prenom6_1_0_, geek0_.sexe as sexe7_1_0_ from GEEK geek0_ where geek0_.ID=?
19:47:06,829 DEBUG main hibernate.SQL:109 - select geek0_.ID as ID1_1_0_, geek0_.age as age2_1_0_, geek0_.MAIL as MAIL3_1_0_, geek0_.nom as nom4_1_0_, geek0_.pathavatar as pathavat5_1_0_, geek0_.prenom as prenom6_1_0_, geek0_.sexe as sexe7_1_0_ from GEEK geek0_ where geek0_.ID=?
19:47:06,953 DEBUG main hibernate.SQL:109 - select geek0_.ID as ID1_1_0_, geek0_.age as age2_1_0_, geek0_.MAIL as MAIL3_1_0_, geek0_.nom as nom4_1_0_, geek0_.pathavatar as pathavat5_1_0_, geek0_.prenom as prenom6_1_0_, geek0_.sexe as sexe7_1_0_ from GEEK geek0_ where geek0_.ID=?
22:29:45,727 DEBUG main hibernate.SQL:109 - select distinct geek0_.ID as ID1_1_0_, centreinte2_.ID as ID1_0_1_, geek0_.age as age2_1_0_, geek0_.MAIL as MAIL3_1_0_, geek0_.nom as nom4_1_0_, geek0_.pathavatar as pathavat5_1_0_, geek0_.prenom as prenom6_1_0_, geek0_.sexe as sexe7_1_0_, centreinte2_.description as descript2_0_1_, centreinte2_.titre as titre3_0_1_, listecentr1_.ID_GEEK as ID_GEEK1_1_0__, listecentr1_.ID_INTERET as ID_INTER2_2_0__ from GEEK geek0_ left outer join GEEK_CENTRES_INTERET listecentr1_ on geek0_.ID=listecentr1_.ID_GEEK left outer join CENTRES_INTERET centreinte2_ on listecentr1_.ID_INTERET=centreinte2_.ID
22:29:45,997 DEBUG main hibernate.SQL:109 - select geek0_.ID as ID1_1_, geek0_.age as age2_1_, geek0_.MAIL as MAIL3_1_, geek0_.nom as nom4_1_, geek0_.pathavatar as pathavat5_1_, geek0_.prenom as prenom6_1_, geek0_.sexe as sexe7_1_ from GEEK geek0_ where geek0_.nom=? and geek0_.prenom=?
22:29:46,120 DEBUG main hibernate.SQL:109 - select geek0_.ID as ID1_1_, geek0_.age as age2_1_, geek0_.MAIL as MAIL3_1_, geek0_.nom as nom4_1_, geek0_.pathavatar as pathavat5_1_, geek0_.prenom as prenom6_1_, geek0_.sexe as sexe7_1_ from GEEK geek0_ where geek0_.nom=? and geek0_.prenom=?
22:29:46,242 DEBUG main hibernate.SQL:109 - select geek0_.ID as ID1_1_, geek0_.age as age2_1_, geek0_.MAIL as MAIL3_1_, geek0_.nom as nom4_1_, geek0_.pathavatar as pathavat5_1_, geek0_.prenom as prenom6_1_, geek0_.sexe as sexe7_1_ from GEEK geek0_ where geek0_.nom=? and geek0_.prenom=?
22:29:46,374 DEBUG main hibernate.SQL:109 - select geek0_.ID as ID1_1_, geek0_.age as age2_1_, geek0_.MAIL as MAIL3_1_, geek0_.nom as nom4_1_, geek0_.pathavatar as pathavat5_1_, geek0_.prenom as prenom6_1_, geek0_.sexe as sexe7_1_ from GEEK geek0_ where geek0_.sexe=?
22:29:46,495 DEBUG main hibernate.SQL:109 - select geek0_.ID as ID1_1_, geek0_.age as age2_1_, geek0_.MAIL as MAIL3_1_, geek0_.nom as nom4_1_, geek0_.pathavatar as pathavat5_1_, geek0_.prenom as prenom6_1_, geek0_.sexe as sexe7_1_ from GEEK geek0_ where geek0_.sexe=?
22:29:46,623 DEBUG main hibernate.SQL:109 - select geek0_.ID as ID1_1_0_, geek0_.age as age2_1_0_, geek0_.MAIL as MAIL3_1_0_, geek0_.nom as nom4_1_0_, geek0_.pathavatar as pathavat5_1_0_, geek0_.prenom as prenom6_1_0_, geek0_.sexe as sexe7_1_0_ from GEEK geek0_ where geek0_.ID=?
22:29:46,757 DEBUG main hibernate.SQL:109 - select geek0_.ID as ID1_1_0_, geek0_.age as age2_1_0_, geek0_.MAIL as MAIL3_1_0_, geek0_.nom as nom4_1_0_, geek0_.pathavatar as pathavat5_1_0_, geek0_.prenom as prenom6_1_0_, geek0_.sexe as sexe7_1_0_ from GEEK geek0_ where geek0_.ID=?
22:29:46,879 DEBUG main hibernate.SQL:109 - select geek0_.ID as ID1_1_0_, geek0_.age as age2_1_0_, geek0_.MAIL as MAIL3_1_0_, geek0_.nom as nom4_1_0_, geek0_.pathavatar as pathavat5_1_0_, geek0_.prenom as prenom6_1_0_, geek0_.sexe as sexe7_1_0_ from GEEK geek0_ where geek0_.ID=?
10:32:11,371 DEBUG main hibernate.SQL:109 - select distinct geek0_.ID as ID1_1_0_, centreinte2_.ID as ID1_0_1_, geek0_.age as age2_1_0_, geek0_.MAIL as MAIL3_1_0_, geek0_.nom as nom4_1_0_, geek0_.pathavatar as pathavat5_1_0_, geek0_.prenom as prenom6_1_0_, geek0_.sexe as sexe7_1_0_, centreinte2_.description as descript2_0_1_, centreinte2_.titre as titre3_0_1_, listecentr1_.ID_GEEK as ID_GEEK1_1_0__, listecentr1_.ID_INTERET as ID_INTER2_2_0__ from GEEK geek0_ left outer join GEEK_CENTRES_INTERET listecentr1_ on geek0_.ID=listecentr1_.ID_GEEK left outer join CENTRES_INTERET centreinte2_ on listecentr1_.ID_INTERET=centreinte2_.ID
10:32:11,502 ERROR main ast.ErrorCounter:78 -  Invalid path: 'v.listeCentreInteret'
10:32:11,502 ERROR main ast.ErrorCounter:73 -  Invalid path: 'v.listeCentreInteret'
 Invalid path: 'v.listeCentreInteret'
	at org.hibernate.hql.internal.ast.util.LiteralProcessor.lookupConstant(LiteralProcessor.java:129)
	at org.hibernate.hql.internal.ast.tree.DotNode.resolve(DotNode.java:225)
	at org.hibernate.hql.internal.ast.tree.FromReferenceNode.resolve(FromReferenceNode.java:126)
	at org.hibernate.hql.internal.ast.HqlSqlWalker.createFromJoinElement(HqlSqlWalker.java:386)
	at org.hibernate.hql.internal.antlr.HqlSqlBaseWalker.joinElement(HqlSqlBaseWalker.java:3858)
	at org.hibernate.hql.internal.antlr.HqlSqlBaseWalker.fromElement(HqlSqlBaseWalker.java:3644)
	at org.hibernate.hql.internal.antlr.HqlSqlBaseWalker.fromElementList(HqlSqlBaseWalker.java:3522)
	at org.hibernate.hql.internal.antlr.HqlSqlBaseWalker.fromClause(HqlSqlBaseWalker.java:706)
	at org.hibernate.hql.internal.antlr.HqlSqlBaseWalker.query(HqlSqlBaseWalker.java:562)
	at org.hibernate.hql.internal.antlr.HqlSqlBaseWalker.selectStatement(HqlSqlBaseWalker.java:299)
	at org.hibernate.hql.internal.antlr.HqlSqlBaseWalker.statement(HqlSqlBaseWalker.java:247)
	at org.hibernate.hql.internal.ast.QueryTranslatorImpl.analyze(QueryTranslatorImpl.java:278)
	at org.hibernate.hql.internal.ast.QueryTranslatorImpl.doCompile(QueryTranslatorImpl.java:206)
	at org.hibernate.hql.internal.ast.QueryTranslatorImpl.compile(QueryTranslatorImpl.java:158)
	at org.hibernate.engine.query.spi.HQLQueryPlan.<init>(HQLQueryPlan.java:126)
	at org.hibernate.engine.query.spi.HQLQueryPlan.<init>(HQLQueryPlan.java:88)
	at org.hibernate.engine.query.spi.QueryPlanCache.getHQLQueryPlan(QueryPlanCache.java:190)
	at org.hibernate.internal.AbstractSessionImpl.getHQLQueryPlan(AbstractSessionImpl.java:301)
	at org.hibernate.internal.AbstractSessionImpl.createQuery(AbstractSessionImpl.java:236)
	at org.hibernate.internal.SessionImpl.createQuery(SessionImpl.java:1800)
	at org.hibernate.jpa.spi.AbstractEntityManagerImpl.createQuery(AbstractEntityManagerImpl.java:342)
	at sun.reflect.NativeMethodAccessorImpl.invoke0(Native Method)
	at sun.reflect.NativeMethodAccessorImpl.invoke(Unknown Source)
	at sun.reflect.DelegatingMethodAccessorImpl.invoke(Unknown Source)
	at java.lang.reflect.Method.invoke(Unknown Source)
	at org.springframework.orm.jpa.ExtendedEntityManagerCreator$ExtendedEntityManagerInvocationHandler.invoke(ExtendedEntityManagerCreator.java:342)
	at com.sun.proxy.$Proxy35.createQuery(Unknown Source)
	at sun.reflect.NativeMethodAccessorImpl.invoke0(Native Method)
	at sun.reflect.NativeMethodAccessorImpl.invoke(Unknown Source)
	at sun.reflect.DelegatingMethodAccessorImpl.invoke(Unknown Source)
	at java.lang.reflect.Method.invoke(Unknown Source)
	at org.springframework.orm.jpa.SharedEntityManagerCreator$SharedEntityManagerInvocationHandler.invoke(SharedEntityManagerCreator.java:262)
	at com.sun.proxy.$Proxy33.createQuery(Unknown Source)
	at com.ninja_squad.geektic.dao.GeekDao.find(GeekDao.java:44)
	at com.ninja_squad.geektic.dao.GeekDaoTest.testFindOneGeek(GeekDaoTest.java:37)
	at sun.reflect.NativeMethodAccessorImpl.invoke0(Native Method)
	at sun.reflect.NativeMethodAccessorImpl.invoke(Unknown Source)
	at sun.reflect.DelegatingMethodAccessorImpl.invoke(Unknown Source)
	at java.lang.reflect.Method.invoke(Unknown Source)
	at org.junit.runners.model.FrameworkMethod$1.runReflectiveCall(FrameworkMethod.java:47)
	at org.junit.internal.runners.model.ReflectiveCallable.run(ReflectiveCallable.java:12)
	at org.junit.runners.model.FrameworkMethod.invokeExplosively(FrameworkMethod.java:44)
	at org.junit.internal.runners.statements.InvokeMethod.evaluate(InvokeMethod.java:17)
	at org.springframework.test.context.junit4.statements.RunBeforeTestMethodCallbacks.evaluate(RunBeforeTestMethodCallbacks.java:74)
	at org.springframework.test.context.junit4.statements.RunAfterTestMethodCallbacks.evaluate(RunAfterTestMethodCallbacks.java:83)
	at org.springframework.test.context.junit4.statements.SpringRepeat.evaluate(SpringRepeat.java:72)
	at org.springframework.test.context.junit4.SpringJUnit4ClassRunner.runChild(SpringJUnit4ClassRunner.java:233)
	at org.springframework.test.context.junit4.SpringJUnit4ClassRunner.runChild(SpringJUnit4ClassRunner.java:87)
	at org.junit.runners.ParentRunner$3.run(ParentRunner.java:238)
	at org.junit.runners.ParentRunner$1.schedule(ParentRunner.java:63)
	at org.junit.runners.ParentRunner.runChildren(ParentRunner.java:236)
	at org.junit.runners.ParentRunner.access$000(ParentRunner.java:53)
	at org.junit.runners.ParentRunner$2.evaluate(ParentRunner.java:229)
	at org.springframework.test.context.junit4.statements.RunBeforeTestClassCallbacks.evaluate(RunBeforeTestClassCallbacks.java:61)
	at org.springframework.test.context.junit4.statements.RunAfterTestClassCallbacks.evaluate(RunAfterTestClassCallbacks.java:71)
	at org.junit.runners.ParentRunner.run(ParentRunner.java:309)
	at org.springframework.test.context.junit4.SpringJUnit4ClassRunner.run(SpringJUnit4ClassRunner.java:176)
	at org.eclipse.jdt.internal.junit4.runner.JUnit4TestReference.run(JUnit4TestReference.java:50)
	at org.eclipse.jdt.internal.junit.runner.TestExecution.run(TestExecution.java:38)
	at org.eclipse.jdt.internal.junit.runner.RemoteTestRunner.runTests(RemoteTestRunner.java:467)
	at org.eclipse.jdt.internal.junit.runner.RemoteTestRunner.runTests(RemoteTestRunner.java:683)
	at org.eclipse.jdt.internal.junit.runner.RemoteTestRunner.run(RemoteTestRunner.java:390)
	at org.eclipse.jdt.internal.junit.runner.RemoteTestRunner.main(RemoteTestRunner.java:197)
10:32:11,652 DEBUG main hibernate.SQL:109 - select geek0_.ID as ID1_1_, geek0_.age as age2_1_, geek0_.MAIL as MAIL3_1_, geek0_.nom as nom4_1_, geek0_.pathavatar as pathavat5_1_, geek0_.prenom as prenom6_1_, geek0_.sexe as sexe7_1_ from GEEK geek0_ where geek0_.sexe=?
10:32:11,752 DEBUG main hibernate.SQL:109 - select geek0_.ID as ID1_1_, geek0_.age as age2_1_, geek0_.MAIL as MAIL3_1_, geek0_.nom as nom4_1_, geek0_.pathavatar as pathavat5_1_, geek0_.prenom as prenom6_1_, geek0_.sexe as sexe7_1_ from GEEK geek0_ where geek0_.sexe=?
10:32:11,852 DEBUG main hibernate.SQL:109 - select geek0_.ID as ID1_1_0_, geek0_.age as age2_1_0_, geek0_.MAIL as MAIL3_1_0_, geek0_.nom as nom4_1_0_, geek0_.pathavatar as pathavat5_1_0_, geek0_.prenom as prenom6_1_0_, geek0_.sexe as sexe7_1_0_ from GEEK geek0_ where geek0_.ID=?
10:32:11,952 DEBUG main hibernate.SQL:109 - select geek0_.ID as ID1_1_0_, geek0_.age as age2_1_0_, geek0_.MAIL as MAIL3_1_0_, geek0_.nom as nom4_1_0_, geek0_.pathavatar as pathavat5_1_0_, geek0_.prenom as prenom6_1_0_, geek0_.sexe as sexe7_1_0_ from GEEK geek0_ where geek0_.ID=?
10:32:12,052 DEBUG main hibernate.SQL:109 - select geek0_.ID as ID1_1_0_, geek0_.age as age2_1_0_, geek0_.MAIL as MAIL3_1_0_, geek0_.nom as nom4_1_0_, geek0_.pathavatar as pathavat5_1_0_, geek0_.prenom as prenom6_1_0_, geek0_.sexe as sexe7_1_0_ from GEEK geek0_ where geek0_.ID=?
10:33:03,142 ERROR main ast.ErrorCounter:78 -  Invalid path: 'v.listeCentreInteret'
10:33:03,142 ERROR main ast.ErrorCounter:73 -  Invalid path: 'v.listeCentreInteret'
 Invalid path: 'v.listeCentreInteret'
	at org.hibernate.hql.internal.ast.util.LiteralProcessor.lookupConstant(LiteralProcessor.java:129)
	at org.hibernate.hql.internal.ast.tree.DotNode.resolve(DotNode.java:225)
	at org.hibernate.hql.internal.ast.tree.FromReferenceNode.resolve(FromReferenceNode.java:126)
	at org.hibernate.hql.internal.ast.HqlSqlWalker.createFromJoinElement(HqlSqlWalker.java:386)
	at org.hibernate.hql.internal.antlr.HqlSqlBaseWalker.joinElement(HqlSqlBaseWalker.java:3858)
	at org.hibernate.hql.internal.antlr.HqlSqlBaseWalker.fromElement(HqlSqlBaseWalker.java:3644)
	at org.hibernate.hql.internal.antlr.HqlSqlBaseWalker.fromElementList(HqlSqlBaseWalker.java:3522)
	at org.hibernate.hql.internal.antlr.HqlSqlBaseWalker.fromClause(HqlSqlBaseWalker.java:706)
	at org.hibernate.hql.internal.antlr.HqlSqlBaseWalker.query(HqlSqlBaseWalker.java:562)
	at org.hibernate.hql.internal.antlr.HqlSqlBaseWalker.selectStatement(HqlSqlBaseWalker.java:299)
	at org.hibernate.hql.internal.antlr.HqlSqlBaseWalker.statement(HqlSqlBaseWalker.java:247)
	at org.hibernate.hql.internal.ast.QueryTranslatorImpl.analyze(QueryTranslatorImpl.java:278)
	at org.hibernate.hql.internal.ast.QueryTranslatorImpl.doCompile(QueryTranslatorImpl.java:206)
	at org.hibernate.hql.internal.ast.QueryTranslatorImpl.compile(QueryTranslatorImpl.java:158)
	at org.hibernate.engine.query.spi.HQLQueryPlan.<init>(HQLQueryPlan.java:126)
	at org.hibernate.engine.query.spi.HQLQueryPlan.<init>(HQLQueryPlan.java:88)
	at org.hibernate.engine.query.spi.QueryPlanCache.getHQLQueryPlan(QueryPlanCache.java:190)
	at org.hibernate.internal.AbstractSessionImpl.getHQLQueryPlan(AbstractSessionImpl.java:301)
	at org.hibernate.internal.AbstractSessionImpl.createQuery(AbstractSessionImpl.java:236)
	at org.hibernate.internal.SessionImpl.createQuery(SessionImpl.java:1800)
	at org.hibernate.jpa.spi.AbstractEntityManagerImpl.createQuery(AbstractEntityManagerImpl.java:342)
	at sun.reflect.NativeMethodAccessorImpl.invoke0(Native Method)
	at sun.reflect.NativeMethodAccessorImpl.invoke(Unknown Source)
	at sun.reflect.DelegatingMethodAccessorImpl.invoke(Unknown Source)
	at java.lang.reflect.Method.invoke(Unknown Source)
	at org.springframework.orm.jpa.ExtendedEntityManagerCreator$ExtendedEntityManagerInvocationHandler.invoke(ExtendedEntityManagerCreator.java:342)
	at com.sun.proxy.$Proxy35.createQuery(Unknown Source)
	at sun.reflect.NativeMethodAccessorImpl.invoke0(Native Method)
	at sun.reflect.NativeMethodAccessorImpl.invoke(Unknown Source)
	at sun.reflect.DelegatingMethodAccessorImpl.invoke(Unknown Source)
	at java.lang.reflect.Method.invoke(Unknown Source)
	at org.springframework.orm.jpa.SharedEntityManagerCreator$SharedEntityManagerInvocationHandler.invoke(SharedEntityManagerCreator.java:262)
	at com.sun.proxy.$Proxy33.createQuery(Unknown Source)
	at com.ninja_squad.geektic.dao.GeekDao.find(GeekDao.java:44)
	at com.ninja_squad.geektic.dao.GeekDaoTest.testFindOneGeek(GeekDaoTest.java:37)
	at sun.reflect.NativeMethodAccessorImpl.invoke0(Native Method)
	at sun.reflect.NativeMethodAccessorImpl.invoke(Unknown Source)
	at sun.reflect.DelegatingMethodAccessorImpl.invoke(Unknown Source)
	at java.lang.reflect.Method.invoke(Unknown Source)
	at org.junit.runners.model.FrameworkMethod$1.runReflectiveCall(FrameworkMethod.java:47)
	at org.junit.internal.runners.model.ReflectiveCallable.run(ReflectiveCallable.java:12)
	at org.junit.runners.model.FrameworkMethod.invokeExplosively(FrameworkMethod.java:44)
	at org.junit.internal.runners.statements.InvokeMethod.evaluate(InvokeMethod.java:17)
	at org.springframework.test.context.junit4.statements.RunBeforeTestMethodCallbacks.evaluate(RunBeforeTestMethodCallbacks.java:74)
	at org.springframework.test.context.junit4.statements.RunAfterTestMethodCallbacks.evaluate(RunAfterTestMethodCallbacks.java:83)
	at org.springframework.test.context.junit4.statements.SpringRepeat.evaluate(SpringRepeat.java:72)
	at org.springframework.test.context.junit4.SpringJUnit4ClassRunner.runChild(SpringJUnit4ClassRunner.java:233)
	at org.springframework.test.context.junit4.SpringJUnit4ClassRunner.runChild(SpringJUnit4ClassRunner.java:87)
	at org.junit.runners.ParentRunner$3.run(ParentRunner.java:238)
	at org.junit.runners.ParentRunner$1.schedule(ParentRunner.java:63)
	at org.junit.runners.ParentRunner.runChildren(ParentRunner.java:236)
	at org.junit.runners.ParentRunner.access$000(ParentRunner.java:53)
	at org.junit.runners.ParentRunner$2.evaluate(ParentRunner.java:229)
	at org.springframework.test.context.junit4.statements.RunBeforeTestClassCallbacks.evaluate(RunBeforeTestClassCallbacks.java:61)
	at org.springframework.test.context.junit4.statements.RunAfterTestClassCallbacks.evaluate(RunAfterTestClassCallbacks.java:71)
	at org.junit.runners.ParentRunner.run(ParentRunner.java:309)
	at org.springframework.test.context.junit4.SpringJUnit4ClassRunner.run(SpringJUnit4ClassRunner.java:176)
	at org.eclipse.jdt.internal.junit4.runner.JUnit4TestReference.run(JUnit4TestReference.java:50)
	at org.eclipse.jdt.internal.junit.runner.TestExecution.run(TestExecution.java:38)
	at org.eclipse.jdt.internal.junit.runner.RemoteTestRunner.runTests(RemoteTestRunner.java:467)
	at org.eclipse.jdt.internal.junit.runner.RemoteTestRunner.runTests(RemoteTestRunner.java:683)
	at org.eclipse.jdt.internal.junit.runner.RemoteTestRunner.run(RemoteTestRunner.java:390)
	at org.eclipse.jdt.internal.junit.runner.RemoteTestRunner.main(RemoteTestRunner.java:197)
10:33:57,033 ERROR main ast.ErrorCounter:78 -  Invalid path: 'v.listeCentreInteret'
10:33:57,033 ERROR main ast.ErrorCounter:73 -  Invalid path: 'v.listeCentreInteret'
 Invalid path: 'v.listeCentreInteret'
	at org.hibernate.hql.internal.ast.util.LiteralProcessor.lookupConstant(LiteralProcessor.java:129)
	at org.hibernate.hql.internal.ast.tree.DotNode.resolve(DotNode.java:225)
	at org.hibernate.hql.internal.ast.tree.FromReferenceNode.resolve(FromReferenceNode.java:126)
	at org.hibernate.hql.internal.ast.HqlSqlWalker.createFromJoinElement(HqlSqlWalker.java:386)
	at org.hibernate.hql.internal.antlr.HqlSqlBaseWalker.joinElement(HqlSqlBaseWalker.java:3858)
	at org.hibernate.hql.internal.antlr.HqlSqlBaseWalker.fromElement(HqlSqlBaseWalker.java:3644)
	at org.hibernate.hql.internal.antlr.HqlSqlBaseWalker.fromElementList(HqlSqlBaseWalker.java:3522)
	at org.hibernate.hql.internal.antlr.HqlSqlBaseWalker.fromClause(HqlSqlBaseWalker.java:706)
	at org.hibernate.hql.internal.antlr.HqlSqlBaseWalker.query(HqlSqlBaseWalker.java:562)
	at org.hibernate.hql.internal.antlr.HqlSqlBaseWalker.selectStatement(HqlSqlBaseWalker.java:299)
	at org.hibernate.hql.internal.antlr.HqlSqlBaseWalker.statement(HqlSqlBaseWalker.java:247)
	at org.hibernate.hql.internal.ast.QueryTranslatorImpl.analyze(QueryTranslatorImpl.java:278)
	at org.hibernate.hql.internal.ast.QueryTranslatorImpl.doCompile(QueryTranslatorImpl.java:206)
	at org.hibernate.hql.internal.ast.QueryTranslatorImpl.compile(QueryTranslatorImpl.java:158)
	at org.hibernate.engine.query.spi.HQLQueryPlan.<init>(HQLQueryPlan.java:126)
	at org.hibernate.engine.query.spi.HQLQueryPlan.<init>(HQLQueryPlan.java:88)
	at org.hibernate.engine.query.spi.QueryPlanCache.getHQLQueryPlan(QueryPlanCache.java:190)
	at org.hibernate.internal.AbstractSessionImpl.getHQLQueryPlan(AbstractSessionImpl.java:301)
	at org.hibernate.internal.AbstractSessionImpl.createQuery(AbstractSessionImpl.java:236)
	at org.hibernate.internal.SessionImpl.createQuery(SessionImpl.java:1800)
	at org.hibernate.jpa.spi.AbstractEntityManagerImpl.createQuery(AbstractEntityManagerImpl.java:342)
	at sun.reflect.NativeMethodAccessorImpl.invoke0(Native Method)
	at sun.reflect.NativeMethodAccessorImpl.invoke(Unknown Source)
	at sun.reflect.DelegatingMethodAccessorImpl.invoke(Unknown Source)
	at java.lang.reflect.Method.invoke(Unknown Source)
	at org.springframework.orm.jpa.ExtendedEntityManagerCreator$ExtendedEntityManagerInvocationHandler.invoke(ExtendedEntityManagerCreator.java:342)
	at com.sun.proxy.$Proxy35.createQuery(Unknown Source)
	at sun.reflect.NativeMethodAccessorImpl.invoke0(Native Method)
	at sun.reflect.NativeMethodAccessorImpl.invoke(Unknown Source)
	at sun.reflect.DelegatingMethodAccessorImpl.invoke(Unknown Source)
	at java.lang.reflect.Method.invoke(Unknown Source)
	at org.springframework.orm.jpa.SharedEntityManagerCreator$SharedEntityManagerInvocationHandler.invoke(SharedEntityManagerCreator.java:262)
	at com.sun.proxy.$Proxy33.createQuery(Unknown Source)
	at com.ninja_squad.geektic.dao.GeekDao.find(GeekDao.java:44)
	at com.ninja_squad.geektic.dao.GeekDaoTest.testFindOneGeek(GeekDaoTest.java:37)
	at sun.reflect.NativeMethodAccessorImpl.invoke0(Native Method)
	at sun.reflect.NativeMethodAccessorImpl.invoke(Unknown Source)
	at sun.reflect.DelegatingMethodAccessorImpl.invoke(Unknown Source)
	at java.lang.reflect.Method.invoke(Unknown Source)
	at org.junit.runners.model.FrameworkMethod$1.runReflectiveCall(FrameworkMethod.java:47)
	at org.junit.internal.runners.model.ReflectiveCallable.run(ReflectiveCallable.java:12)
	at org.junit.runners.model.FrameworkMethod.invokeExplosively(FrameworkMethod.java:44)
	at org.junit.internal.runners.statements.InvokeMethod.evaluate(InvokeMethod.java:17)
	at org.springframework.test.context.junit4.statements.RunBeforeTestMethodCallbacks.evaluate(RunBeforeTestMethodCallbacks.java:74)
	at org.springframework.test.context.junit4.statements.RunAfterTestMethodCallbacks.evaluate(RunAfterTestMethodCallbacks.java:83)
	at org.springframework.test.context.junit4.statements.SpringRepeat.evaluate(SpringRepeat.java:72)
	at org.springframework.test.context.junit4.SpringJUnit4ClassRunner.runChild(SpringJUnit4ClassRunner.java:233)
	at org.springframework.test.context.junit4.SpringJUnit4ClassRunner.runChild(SpringJUnit4ClassRunner.java:87)
	at org.junit.runners.ParentRunner$3.run(ParentRunner.java:238)
	at org.junit.runners.ParentRunner$1.schedule(ParentRunner.java:63)
	at org.junit.runners.ParentRunner.runChildren(ParentRunner.java:236)
	at org.junit.runners.ParentRunner.access$000(ParentRunner.java:53)
	at org.junit.runners.ParentRunner$2.evaluate(ParentRunner.java:229)
	at org.springframework.test.context.junit4.statements.RunBeforeTestClassCallbacks.evaluate(RunBeforeTestClassCallbacks.java:61)
	at org.springframework.test.context.junit4.statements.RunAfterTestClassCallbacks.evaluate(RunAfterTestClassCallbacks.java:71)
	at org.junit.runners.ParentRunner.run(ParentRunner.java:309)
	at org.springframework.test.context.junit4.SpringJUnit4ClassRunner.run(SpringJUnit4ClassRunner.java:176)
	at org.eclipse.jdt.internal.junit4.runner.JUnit4TestReference.run(JUnit4TestReference.java:50)
	at org.eclipse.jdt.internal.junit.runner.TestExecution.run(TestExecution.java:38)
	at org.eclipse.jdt.internal.junit.runner.RemoteTestRunner.runTests(RemoteTestRunner.java:467)
	at org.eclipse.jdt.internal.junit.runner.RemoteTestRunner.runTests(RemoteTestRunner.java:683)
	at org.eclipse.jdt.internal.junit.runner.RemoteTestRunner.run(RemoteTestRunner.java:390)
	at org.eclipse.jdt.internal.junit.runner.RemoteTestRunner.main(RemoteTestRunner.java:197)
10:35:02,747 DEBUG main hibernate.SQL:109 - select distinct geek0_.ID as ID1_1_0_, centreinte2_.ID as ID1_0_1_, geek0_.age as age2_1_0_, geek0_.MAIL as MAIL3_1_0_, geek0_.nom as nom4_1_0_, geek0_.pathavatar as pathavat5_1_0_, geek0_.prenom as prenom6_1_0_, geek0_.sexe as sexe7_1_0_, centreinte2_.description as descript2_0_1_, centreinte2_.titre as titre3_0_1_, listecentr1_.ID_GEEK as ID_GEEK1_1_0__, listecentr1_.ID_INTERET as ID_INTER2_2_0__ from GEEK geek0_ left outer join GEEK_CENTRES_INTERET listecentr1_ on geek0_.ID=listecentr1_.ID_GEEK left outer join CENTRES_INTERET centreinte2_ on listecentr1_.ID_INTERET=centreinte2_.ID where geek0_.nom=? and geek0_.prenom=?
10:35:02,878 DEBUG main hibernate.SQL:109 - select distinct geek0_.ID as ID1_1_0_, centreinte2_.ID as ID1_0_1_, geek0_.age as age2_1_0_, geek0_.MAIL as MAIL3_1_0_, geek0_.nom as nom4_1_0_, geek0_.pathavatar as pathavat5_1_0_, geek0_.prenom as prenom6_1_0_, geek0_.sexe as sexe7_1_0_, centreinte2_.description as descript2_0_1_, centreinte2_.titre as titre3_0_1_, listecentr1_.ID_GEEK as ID_GEEK1_1_0__, listecentr1_.ID_INTERET as ID_INTER2_2_0__ from GEEK geek0_ left outer join GEEK_CENTRES_INTERET listecentr1_ on geek0_.ID=listecentr1_.ID_GEEK left outer join CENTRES_INTERET centreinte2_ on listecentr1_.ID_INTERET=centreinte2_.ID where geek0_.nom=? and geek0_.prenom=?
10:35:02,978 DEBUG main hibernate.SQL:109 - select distinct geek0_.ID as ID1_1_0_, centreinte2_.ID as ID1_0_1_, geek0_.age as age2_1_0_, geek0_.MAIL as MAIL3_1_0_, geek0_.nom as nom4_1_0_, geek0_.pathavatar as pathavat5_1_0_, geek0_.prenom as prenom6_1_0_, geek0_.sexe as sexe7_1_0_, centreinte2_.description as descript2_0_1_, centreinte2_.titre as titre3_0_1_, listecentr1_.ID_GEEK as ID_GEEK1_1_0__, listecentr1_.ID_INTERET as ID_INTER2_2_0__ from GEEK geek0_ left outer join GEEK_CENTRES_INTERET listecentr1_ on geek0_.ID=listecentr1_.ID_GEEK left outer join CENTRES_INTERET centreinte2_ on listecentr1_.ID_INTERET=centreinte2_.ID where geek0_.nom=? and geek0_.prenom=?
10:36:12,964 DEBUG main hibernate.SQL:109 - select distinct geek0_.ID as ID1_1_0_, centreinte2_.ID as ID1_0_1_, geek0_.age as age2_1_0_, geek0_.MAIL as MAIL3_1_0_, geek0_.nom as nom4_1_0_, geek0_.pathavatar as pathavat5_1_0_, geek0_.prenom as prenom6_1_0_, geek0_.sexe as sexe7_1_0_, centreinte2_.description as descript2_0_1_, centreinte2_.titre as titre3_0_1_, listecentr1_.ID_GEEK as ID_GEEK1_1_0__, listecentr1_.ID_INTERET as ID_INTER2_2_0__ from GEEK geek0_ left outer join GEEK_CENTRES_INTERET listecentr1_ on geek0_.ID=listecentr1_.ID_GEEK left outer join CENTRES_INTERET centreinte2_ on listecentr1_.ID_INTERET=centreinte2_.ID where geek0_.nom=? and geek0_.prenom=?
10:36:13,098 DEBUG main hibernate.SQL:109 - select distinct geek0_.ID as ID1_1_0_, centreinte2_.ID as ID1_0_1_, geek0_.age as age2_1_0_, geek0_.MAIL as MAIL3_1_0_, geek0_.nom as nom4_1_0_, geek0_.pathavatar as pathavat5_1_0_, geek0_.prenom as prenom6_1_0_, geek0_.sexe as sexe7_1_0_, centreinte2_.description as descript2_0_1_, centreinte2_.titre as titre3_0_1_, listecentr1_.ID_GEEK as ID_GEEK1_1_0__, listecentr1_.ID_INTERET as ID_INTER2_2_0__ from GEEK geek0_ left outer join GEEK_CENTRES_INTERET listecentr1_ on geek0_.ID=listecentr1_.ID_GEEK left outer join CENTRES_INTERET centreinte2_ on listecentr1_.ID_INTERET=centreinte2_.ID where geek0_.nom=? and geek0_.prenom=?
10:36:13,203 DEBUG main hibernate.SQL:109 - select distinct geek0_.ID as ID1_1_0_, centreinte2_.ID as ID1_0_1_, geek0_.age as age2_1_0_, geek0_.MAIL as MAIL3_1_0_, geek0_.nom as nom4_1_0_, geek0_.pathavatar as pathavat5_1_0_, geek0_.prenom as prenom6_1_0_, geek0_.sexe as sexe7_1_0_, centreinte2_.description as descript2_0_1_, centreinte2_.titre as titre3_0_1_, listecentr1_.ID_GEEK as ID_GEEK1_1_0__, listecentr1_.ID_INTERET as ID_INTER2_2_0__ from GEEK geek0_ left outer join GEEK_CENTRES_INTERET listecentr1_ on geek0_.ID=listecentr1_.ID_GEEK left outer join CENTRES_INTERET centreinte2_ on listecentr1_.ID_INTERET=centreinte2_.ID where geek0_.nom=? and geek0_.prenom=?
10:37:57,134 DEBUG main hibernate.SQL:109 - select distinct geek0_.ID as ID1_1_0_, centreinte2_.ID as ID1_0_1_, geek0_.age as age2_1_0_, geek0_.MAIL as MAIL3_1_0_, geek0_.nom as nom4_1_0_, geek0_.pathavatar as pathavat5_1_0_, geek0_.prenom as prenom6_1_0_, geek0_.sexe as sexe7_1_0_, centreinte2_.description as descript2_0_1_, centreinte2_.titre as titre3_0_1_, listecentr1_.ID_GEEK as ID_GEEK1_1_0__, listecentr1_.ID_INTERET as ID_INTER2_2_0__ from GEEK geek0_ left outer join GEEK_CENTRES_INTERET listecentr1_ on geek0_.ID=listecentr1_.ID_GEEK left outer join CENTRES_INTERET centreinte2_ on listecentr1_.ID_INTERET=centreinte2_.ID
10:37:57,275 DEBUG main hibernate.SQL:109 - select distinct geek0_.ID as ID1_1_0_, centreinte2_.ID as ID1_0_1_, geek0_.age as age2_1_0_, geek0_.MAIL as MAIL3_1_0_, geek0_.nom as nom4_1_0_, geek0_.pathavatar as pathavat5_1_0_, geek0_.prenom as prenom6_1_0_, geek0_.sexe as sexe7_1_0_, centreinte2_.description as descript2_0_1_, centreinte2_.titre as titre3_0_1_, listecentr1_.ID_GEEK as ID_GEEK1_1_0__, listecentr1_.ID_INTERET as ID_INTER2_2_0__ from GEEK geek0_ left outer join GEEK_CENTRES_INTERET listecentr1_ on geek0_.ID=listecentr1_.ID_GEEK left outer join CENTRES_INTERET centreinte2_ on listecentr1_.ID_INTERET=centreinte2_.ID where geek0_.nom=? and geek0_.prenom=?
10:37:57,375 DEBUG main hibernate.SQL:109 - select distinct geek0_.ID as ID1_1_0_, centreinte2_.ID as ID1_0_1_, geek0_.age as age2_1_0_, geek0_.MAIL as MAIL3_1_0_, geek0_.nom as nom4_1_0_, geek0_.pathavatar as pathavat5_1_0_, geek0_.prenom as prenom6_1_0_, geek0_.sexe as sexe7_1_0_, centreinte2_.description as descript2_0_1_, centreinte2_.titre as titre3_0_1_, listecentr1_.ID_GEEK as ID_GEEK1_1_0__, listecentr1_.ID_INTERET as ID_INTER2_2_0__ from GEEK geek0_ left outer join GEEK_CENTRES_INTERET listecentr1_ on geek0_.ID=listecentr1_.ID_GEEK left outer join CENTRES_INTERET centreinte2_ on listecentr1_.ID_INTERET=centreinte2_.ID where geek0_.nom=? and geek0_.prenom=?
10:37:57,475 DEBUG main hibernate.SQL:109 - select distinct geek0_.ID as ID1_1_0_, centreinte2_.ID as ID1_0_1_, geek0_.age as age2_1_0_, geek0_.MAIL as MAIL3_1_0_, geek0_.nom as nom4_1_0_, geek0_.pathavatar as pathavat5_1_0_, geek0_.prenom as prenom6_1_0_, geek0_.sexe as sexe7_1_0_, centreinte2_.description as descript2_0_1_, centreinte2_.titre as titre3_0_1_, listecentr1_.ID_GEEK as ID_GEEK1_1_0__, listecentr1_.ID_INTERET as ID_INTER2_2_0__ from GEEK geek0_ left outer join GEEK_CENTRES_INTERET listecentr1_ on geek0_.ID=listecentr1_.ID_GEEK left outer join CENTRES_INTERET centreinte2_ on listecentr1_.ID_INTERET=centreinte2_.ID where geek0_.nom=? and geek0_.prenom=?
10:37:57,575 DEBUG main hibernate.SQL:109 - select geek0_.ID as ID1_1_, geek0_.age as age2_1_, geek0_.MAIL as MAIL3_1_, geek0_.nom as nom4_1_, geek0_.pathavatar as pathavat5_1_, geek0_.prenom as prenom6_1_, geek0_.sexe as sexe7_1_ from GEEK geek0_ where geek0_.sexe=?
10:37:57,675 DEBUG main hibernate.SQL:109 - select geek0_.ID as ID1_1_, geek0_.age as age2_1_, geek0_.MAIL as MAIL3_1_, geek0_.nom as nom4_1_, geek0_.pathavatar as pathavat5_1_, geek0_.prenom as prenom6_1_, geek0_.sexe as sexe7_1_ from GEEK geek0_ where geek0_.sexe=?
10:37:57,775 DEBUG main hibernate.SQL:109 - select geek0_.ID as ID1_1_0_, geek0_.age as age2_1_0_, geek0_.MAIL as MAIL3_1_0_, geek0_.nom as nom4_1_0_, geek0_.pathavatar as pathavat5_1_0_, geek0_.prenom as prenom6_1_0_, geek0_.sexe as sexe7_1_0_ from GEEK geek0_ where geek0_.ID=?
10:37:57,875 DEBUG main hibernate.SQL:109 - select geek0_.ID as ID1_1_0_, geek0_.age as age2_1_0_, geek0_.MAIL as MAIL3_1_0_, geek0_.nom as nom4_1_0_, geek0_.pathavatar as pathavat5_1_0_, geek0_.prenom as prenom6_1_0_, geek0_.sexe as sexe7_1_0_ from GEEK geek0_ where geek0_.ID=?
10:37:57,975 DEBUG main hibernate.SQL:109 - select geek0_.ID as ID1_1_0_, geek0_.age as age2_1_0_, geek0_.MAIL as MAIL3_1_0_, geek0_.nom as nom4_1_0_, geek0_.pathavatar as pathavat5_1_0_, geek0_.prenom as prenom6_1_0_, geek0_.sexe as sexe7_1_0_ from GEEK geek0_ where geek0_.ID=?
10:38:59,406 DEBUG main hibernate.SQL:109 - select distinct geek0_.ID as ID1_1_0_, centreinte2_.ID as ID1_0_1_, geek0_.age as age2_1_0_, geek0_.MAIL as MAIL3_1_0_, geek0_.nom as nom4_1_0_, geek0_.pathavatar as pathavat5_1_0_, geek0_.prenom as prenom6_1_0_, geek0_.sexe as sexe7_1_0_, centreinte2_.description as descript2_0_1_, centreinte2_.titre as titre3_0_1_, listecentr1_.ID_GEEK as ID_GEEK1_1_0__, listecentr1_.ID_INTERET as ID_INTER2_2_0__ from GEEK geek0_ left outer join GEEK_CENTRES_INTERET listecentr1_ on geek0_.ID=listecentr1_.ID_GEEK left outer join CENTRES_INTERET centreinte2_ on listecentr1_.ID_INTERET=centreinte2_.ID
10:38:59,547 DEBUG main hibernate.SQL:109 - select distinct geek0_.ID as ID1_1_0_, centreinte2_.ID as ID1_0_1_, geek0_.age as age2_1_0_, geek0_.MAIL as MAIL3_1_0_, geek0_.nom as nom4_1_0_, geek0_.pathavatar as pathavat5_1_0_, geek0_.prenom as prenom6_1_0_, geek0_.sexe as sexe7_1_0_, centreinte2_.description as descript2_0_1_, centreinte2_.titre as titre3_0_1_, listecentr1_.ID_GEEK as ID_GEEK1_1_0__, listecentr1_.ID_INTERET as ID_INTER2_2_0__ from GEEK geek0_ left outer join GEEK_CENTRES_INTERET listecentr1_ on geek0_.ID=listecentr1_.ID_GEEK left outer join CENTRES_INTERET centreinte2_ on listecentr1_.ID_INTERET=centreinte2_.ID where geek0_.nom=? and geek0_.prenom=?
10:38:59,647 DEBUG main hibernate.SQL:109 - select distinct geek0_.ID as ID1_1_0_, centreinte2_.ID as ID1_0_1_, geek0_.age as age2_1_0_, geek0_.MAIL as MAIL3_1_0_, geek0_.nom as nom4_1_0_, geek0_.pathavatar as pathavat5_1_0_, geek0_.prenom as prenom6_1_0_, geek0_.sexe as sexe7_1_0_, centreinte2_.description as descript2_0_1_, centreinte2_.titre as titre3_0_1_, listecentr1_.ID_GEEK as ID_GEEK1_1_0__, listecentr1_.ID_INTERET as ID_INTER2_2_0__ from GEEK geek0_ left outer join GEEK_CENTRES_INTERET listecentr1_ on geek0_.ID=listecentr1_.ID_GEEK left outer join CENTRES_INTERET centreinte2_ on listecentr1_.ID_INTERET=centreinte2_.ID where geek0_.nom=? and geek0_.prenom=?
10:38:59,747 DEBUG main hibernate.SQL:109 - select distinct geek0_.ID as ID1_1_0_, centreinte2_.ID as ID1_0_1_, geek0_.age as age2_1_0_, geek0_.MAIL as MAIL3_1_0_, geek0_.nom as nom4_1_0_, geek0_.pathavatar as pathavat5_1_0_, geek0_.prenom as prenom6_1_0_, geek0_.sexe as sexe7_1_0_, centreinte2_.description as descript2_0_1_, centreinte2_.titre as titre3_0_1_, listecentr1_.ID_GEEK as ID_GEEK1_1_0__, listecentr1_.ID_INTERET as ID_INTER2_2_0__ from GEEK geek0_ left outer join GEEK_CENTRES_INTERET listecentr1_ on geek0_.ID=listecentr1_.ID_GEEK left outer join CENTRES_INTERET centreinte2_ on listecentr1_.ID_INTERET=centreinte2_.ID where geek0_.nom=? and geek0_.prenom=?
10:38:59,847 DEBUG main hibernate.SQL:109 - select geek0_.ID as ID1_1_, geek0_.age as age2_1_, geek0_.MAIL as MAIL3_1_, geek0_.nom as nom4_1_, geek0_.pathavatar as pathavat5_1_, geek0_.prenom as prenom6_1_, geek0_.sexe as sexe7_1_ from GEEK geek0_ where geek0_.sexe=?
10:38:59,947 DEBUG main hibernate.SQL:109 - select geek0_.ID as ID1_1_, geek0_.age as age2_1_, geek0_.MAIL as MAIL3_1_, geek0_.nom as nom4_1_, geek0_.pathavatar as pathavat5_1_, geek0_.prenom as prenom6_1_, geek0_.sexe as sexe7_1_ from GEEK geek0_ where geek0_.sexe=?
10:39:00,047 DEBUG main hibernate.SQL:109 - select geek0_.ID as ID1_1_0_, geek0_.age as age2_1_0_, geek0_.MAIL as MAIL3_1_0_, geek0_.nom as nom4_1_0_, geek0_.pathavatar as pathavat5_1_0_, geek0_.prenom as prenom6_1_0_, geek0_.sexe as sexe7_1_0_ from GEEK geek0_ where geek0_.ID=?
10:42:17,775 DEBUG main hibernate.SQL:109 - select distinct geek0_.ID as ID1_1_0_, centreinte2_.ID as ID1_0_1_, geek0_.age as age2_1_0_, geek0_.MAIL as MAIL3_1_0_, geek0_.nom as nom4_1_0_, geek0_.pathavatar as pathavat5_1_0_, geek0_.prenom as prenom6_1_0_, geek0_.sexe as sexe7_1_0_, centreinte2_.description as descript2_0_1_, centreinte2_.titre as titre3_0_1_, listecentr1_.ID_GEEK as ID_GEEK1_1_0__, listecentr1_.ID_INTERET as ID_INTER2_2_0__ from GEEK geek0_ left outer join GEEK_CENTRES_INTERET listecentr1_ on geek0_.ID=listecentr1_.ID_GEEK left outer join CENTRES_INTERET centreinte2_ on listecentr1_.ID_INTERET=centreinte2_.ID
10:42:17,916 DEBUG main hibernate.SQL:109 - select distinct geek0_.ID as ID1_1_0_, centreinte2_.ID as ID1_0_1_, geek0_.age as age2_1_0_, geek0_.MAIL as MAIL3_1_0_, geek0_.nom as nom4_1_0_, geek0_.pathavatar as pathavat5_1_0_, geek0_.prenom as prenom6_1_0_, geek0_.sexe as sexe7_1_0_, centreinte2_.description as descript2_0_1_, centreinte2_.titre as titre3_0_1_, listecentr1_.ID_GEEK as ID_GEEK1_1_0__, listecentr1_.ID_INTERET as ID_INTER2_2_0__ from GEEK geek0_ left outer join GEEK_CENTRES_INTERET listecentr1_ on geek0_.ID=listecentr1_.ID_GEEK left outer join CENTRES_INTERET centreinte2_ on listecentr1_.ID_INTERET=centreinte2_.ID where geek0_.nom=? and geek0_.prenom=?
10:42:18,016 DEBUG main hibernate.SQL:109 - select distinct geek0_.ID as ID1_1_0_, centreinte2_.ID as ID1_0_1_, geek0_.age as age2_1_0_, geek0_.MAIL as MAIL3_1_0_, geek0_.nom as nom4_1_0_, geek0_.pathavatar as pathavat5_1_0_, geek0_.prenom as prenom6_1_0_, geek0_.sexe as sexe7_1_0_, centreinte2_.description as descript2_0_1_, centreinte2_.titre as titre3_0_1_, listecentr1_.ID_GEEK as ID_GEEK1_1_0__, listecentr1_.ID_INTERET as ID_INTER2_2_0__ from GEEK geek0_ left outer join GEEK_CENTRES_INTERET listecentr1_ on geek0_.ID=listecentr1_.ID_GEEK left outer join CENTRES_INTERET centreinte2_ on listecentr1_.ID_INTERET=centreinte2_.ID where geek0_.nom=? and geek0_.prenom=?
10:42:18,116 DEBUG main hibernate.SQL:109 - select distinct geek0_.ID as ID1_1_0_, centreinte2_.ID as ID1_0_1_, geek0_.age as age2_1_0_, geek0_.MAIL as MAIL3_1_0_, geek0_.nom as nom4_1_0_, geek0_.pathavatar as pathavat5_1_0_, geek0_.prenom as prenom6_1_0_, geek0_.sexe as sexe7_1_0_, centreinte2_.description as descript2_0_1_, centreinte2_.titre as titre3_0_1_, listecentr1_.ID_GEEK as ID_GEEK1_1_0__, listecentr1_.ID_INTERET as ID_INTER2_2_0__ from GEEK geek0_ left outer join GEEK_CENTRES_INTERET listecentr1_ on geek0_.ID=listecentr1_.ID_GEEK left outer join CENTRES_INTERET centreinte2_ on listecentr1_.ID_INTERET=centreinte2_.ID where geek0_.nom=? and geek0_.prenom=?
10:42:18,216 DEBUG main hibernate.SQL:109 - select geek0_.ID as ID1_1_, geek0_.age as age2_1_, geek0_.MAIL as MAIL3_1_, geek0_.nom as nom4_1_, geek0_.pathavatar as pathavat5_1_, geek0_.prenom as prenom6_1_, geek0_.sexe as sexe7_1_ from GEEK geek0_ where geek0_.sexe=?
10:42:18,316 DEBUG main hibernate.SQL:109 - select geek0_.ID as ID1_1_, geek0_.age as age2_1_, geek0_.MAIL as MAIL3_1_, geek0_.nom as nom4_1_, geek0_.pathavatar as pathavat5_1_, geek0_.prenom as prenom6_1_, geek0_.sexe as sexe7_1_ from GEEK geek0_ where geek0_.sexe=?
10:42:18,416 DEBUG main hibernate.SQL:109 - select distinct geek0_.ID as ID1_1_0_, centreinte2_.ID as ID1_0_1_, geek0_.age as age2_1_0_, geek0_.MAIL as MAIL3_1_0_, geek0_.nom as nom4_1_0_, geek0_.pathavatar as pathavat5_1_0_, geek0_.prenom as prenom6_1_0_, geek0_.sexe as sexe7_1_0_, centreinte2_.description as descript2_0_1_, centreinte2_.titre as titre3_0_1_, listecentr1_.ID_GEEK as ID_GEEK1_1_0__, listecentr1_.ID_INTERET as ID_INTER2_2_0__ from GEEK geek0_ left outer join GEEK_CENTRES_INTERET listecentr1_ on geek0_.ID=listecentr1_.ID_GEEK left outer join CENTRES_INTERET centreinte2_ on listecentr1_.ID_INTERET=centreinte2_.ID where geek0_.ID=?
10:42:18,516 DEBUG main hibernate.SQL:109 - select distinct geek0_.ID as ID1_1_0_, centreinte2_.ID as ID1_0_1_, geek0_.age as age2_1_0_, geek0_.MAIL as MAIL3_1_0_, geek0_.nom as nom4_1_0_, geek0_.pathavatar as pathavat5_1_0_, geek0_.prenom as prenom6_1_0_, geek0_.sexe as sexe7_1_0_, centreinte2_.description as descript2_0_1_, centreinte2_.titre as titre3_0_1_, listecentr1_.ID_GEEK as ID_GEEK1_1_0__, listecentr1_.ID_INTERET as ID_INTER2_2_0__ from GEEK geek0_ left outer join GEEK_CENTRES_INTERET listecentr1_ on geek0_.ID=listecentr1_.ID_GEEK left outer join CENTRES_INTERET centreinte2_ on listecentr1_.ID_INTERET=centreinte2_.ID where geek0_.ID=?
10:42:18,616 DEBUG main hibernate.SQL:109 - select distinct geek0_.ID as ID1_1_0_, centreinte2_.ID as ID1_0_1_, geek0_.age as age2_1_0_, geek0_.MAIL as MAIL3_1_0_, geek0_.nom as nom4_1_0_, geek0_.pathavatar as pathavat5_1_0_, geek0_.prenom as prenom6_1_0_, geek0_.sexe as sexe7_1_0_, centreinte2_.description as descript2_0_1_, centreinte2_.titre as titre3_0_1_, listecentr1_.ID_GEEK as ID_GEEK1_1_0__, listecentr1_.ID_INTERET as ID_INTER2_2_0__ from GEEK geek0_ left outer join GEEK_CENTRES_INTERET listecentr1_ on geek0_.ID=listecentr1_.ID_GEEK left outer join CENTRES_INTERET centreinte2_ on listecentr1_.ID_INTERET=centreinte2_.ID where geek0_.ID=?
11:19:03,025 DEBUG main hibernate.SQL:109 - select distinct geek0_.ID as ID1_1_0_, centreinte2_.ID as ID1_0_1_, geek0_.age as age2_1_0_, geek0_.MAIL as MAIL3_1_0_, geek0_.nom as nom4_1_0_, geek0_.pathavatar as pathavat5_1_0_, geek0_.prenom as prenom6_1_0_, geek0_.sexe as sexe7_1_0_, centreinte2_.description as descript2_0_1_, centreinte2_.titre as titre3_0_1_, listecentr1_.ID_GEEK as ID_GEEK1_1_0__, listecentr1_.ID_INTERET as ID_INTER2_2_0__ from GEEK geek0_ left outer join GEEK_CENTRES_INTERET listecentr1_ on geek0_.ID=listecentr1_.ID_GEEK left outer join CENTRES_INTERET centreinte2_ on listecentr1_.ID_INTERET=centreinte2_.ID
11:19:03,171 DEBUG main hibernate.SQL:109 - select distinct geek0_.ID as ID1_1_0_, centreinte2_.ID as ID1_0_1_, geek0_.age as age2_1_0_, geek0_.MAIL as MAIL3_1_0_, geek0_.nom as nom4_1_0_, geek0_.pathavatar as pathavat5_1_0_, geek0_.prenom as prenom6_1_0_, geek0_.sexe as sexe7_1_0_, centreinte2_.description as descript2_0_1_, centreinte2_.titre as titre3_0_1_, listecentr1_.ID_GEEK as ID_GEEK1_1_0__, listecentr1_.ID_INTERET as ID_INTER2_2_0__ from GEEK geek0_ left outer join GEEK_CENTRES_INTERET listecentr1_ on geek0_.ID=listecentr1_.ID_GEEK left outer join CENTRES_INTERET centreinte2_ on listecentr1_.ID_INTERET=centreinte2_.ID where geek0_.nom=? and geek0_.prenom=?
11:19:03,277 DEBUG main hibernate.SQL:109 - select distinct geek0_.ID as ID1_1_0_, centreinte2_.ID as ID1_0_1_, geek0_.age as age2_1_0_, geek0_.MAIL as MAIL3_1_0_, geek0_.nom as nom4_1_0_, geek0_.pathavatar as pathavat5_1_0_, geek0_.prenom as prenom6_1_0_, geek0_.sexe as sexe7_1_0_, centreinte2_.description as descript2_0_1_, centreinte2_.titre as titre3_0_1_, listecentr1_.ID_GEEK as ID_GEEK1_1_0__, listecentr1_.ID_INTERET as ID_INTER2_2_0__ from GEEK geek0_ left outer join GEEK_CENTRES_INTERET listecentr1_ on geek0_.ID=listecentr1_.ID_GEEK left outer join CENTRES_INTERET centreinte2_ on listecentr1_.ID_INTERET=centreinte2_.ID where geek0_.nom=? and geek0_.prenom=?
11:19:03,383 DEBUG main hibernate.SQL:109 - select distinct geek0_.ID as ID1_1_0_, centreinte2_.ID as ID1_0_1_, geek0_.age as age2_1_0_, geek0_.MAIL as MAIL3_1_0_, geek0_.nom as nom4_1_0_, geek0_.pathavatar as pathavat5_1_0_, geek0_.prenom as prenom6_1_0_, geek0_.sexe as sexe7_1_0_, centreinte2_.description as descript2_0_1_, centreinte2_.titre as titre3_0_1_, listecentr1_.ID_GEEK as ID_GEEK1_1_0__, listecentr1_.ID_INTERET as ID_INTER2_2_0__ from GEEK geek0_ left outer join GEEK_CENTRES_INTERET listecentr1_ on geek0_.ID=listecentr1_.ID_GEEK left outer join CENTRES_INTERET centreinte2_ on listecentr1_.ID_INTERET=centreinte2_.ID where geek0_.nom=? and geek0_.prenom=?
11:19:03,493 ERROR main ast.ErrorCounter:78 -  Invalid path: 's.listeCentreInteret'
11:19:03,494 ERROR main ast.ErrorCounter:73 -  Invalid path: 's.listeCentreInteret'
 Invalid path: 's.listeCentreInteret'
	at org.hibernate.hql.internal.ast.util.LiteralProcessor.lookupConstant(LiteralProcessor.java:129)
	at org.hibernate.hql.internal.ast.tree.DotNode.resolve(DotNode.java:225)
	at org.hibernate.hql.internal.ast.tree.FromReferenceNode.resolve(FromReferenceNode.java:126)
	at org.hibernate.hql.internal.ast.HqlSqlWalker.createFromJoinElement(HqlSqlWalker.java:386)
	at org.hibernate.hql.internal.antlr.HqlSqlBaseWalker.joinElement(HqlSqlBaseWalker.java:3858)
	at org.hibernate.hql.internal.antlr.HqlSqlBaseWalker.fromElement(HqlSqlBaseWalker.java:3644)
	at org.hibernate.hql.internal.antlr.HqlSqlBaseWalker.fromElementList(HqlSqlBaseWalker.java:3522)
	at org.hibernate.hql.internal.antlr.HqlSqlBaseWalker.fromClause(HqlSqlBaseWalker.java:706)
	at org.hibernate.hql.internal.antlr.HqlSqlBaseWalker.query(HqlSqlBaseWalker.java:562)
	at org.hibernate.hql.internal.antlr.HqlSqlBaseWalker.selectStatement(HqlSqlBaseWalker.java:299)
	at org.hibernate.hql.internal.antlr.HqlSqlBaseWalker.statement(HqlSqlBaseWalker.java:247)
	at org.hibernate.hql.internal.ast.QueryTranslatorImpl.analyze(QueryTranslatorImpl.java:278)
	at org.hibernate.hql.internal.ast.QueryTranslatorImpl.doCompile(QueryTranslatorImpl.java:206)
	at org.hibernate.hql.internal.ast.QueryTranslatorImpl.compile(QueryTranslatorImpl.java:158)
	at org.hibernate.engine.query.spi.HQLQueryPlan.<init>(HQLQueryPlan.java:126)
	at org.hibernate.engine.query.spi.HQLQueryPlan.<init>(HQLQueryPlan.java:88)
	at org.hibernate.engine.query.spi.QueryPlanCache.getHQLQueryPlan(QueryPlanCache.java:190)
	at org.hibernate.internal.AbstractSessionImpl.getHQLQueryPlan(AbstractSessionImpl.java:301)
	at org.hibernate.internal.AbstractSessionImpl.createQuery(AbstractSessionImpl.java:236)
	at org.hibernate.internal.SessionImpl.createQuery(SessionImpl.java:1800)
	at org.hibernate.jpa.spi.AbstractEntityManagerImpl.createQuery(AbstractEntityManagerImpl.java:342)
	at sun.reflect.NativeMethodAccessorImpl.invoke0(Native Method)
	at sun.reflect.NativeMethodAccessorImpl.invoke(Unknown Source)
	at sun.reflect.DelegatingMethodAccessorImpl.invoke(Unknown Source)
	at java.lang.reflect.Method.invoke(Unknown Source)
	at org.springframework.orm.jpa.ExtendedEntityManagerCreator$ExtendedEntityManagerInvocationHandler.invoke(ExtendedEntityManagerCreator.java:342)
	at com.sun.proxy.$Proxy35.createQuery(Unknown Source)
	at sun.reflect.NativeMethodAccessorImpl.invoke0(Native Method)
	at sun.reflect.NativeMethodAccessorImpl.invoke(Unknown Source)
	at sun.reflect.DelegatingMethodAccessorImpl.invoke(Unknown Source)
	at java.lang.reflect.Method.invoke(Unknown Source)
	at org.springframework.orm.jpa.SharedEntityManagerCreator$SharedEntityManagerInvocationHandler.invoke(SharedEntityManagerCreator.java:262)
	at com.sun.proxy.$Proxy33.createQuery(Unknown Source)
	at com.ninja_squad.geektic.dao.GeekDao.findBySexe(GeekDao.java:60)
	at com.ninja_squad.geektic.dao.GeekDaoTest.testFindBySexe(GeekDaoTest.java:55)
	at sun.reflect.NativeMethodAccessorImpl.invoke0(Native Method)
	at sun.reflect.NativeMethodAccessorImpl.invoke(Unknown Source)
	at sun.reflect.DelegatingMethodAccessorImpl.invoke(Unknown Source)
	at java.lang.reflect.Method.invoke(Unknown Source)
	at org.junit.runners.model.FrameworkMethod$1.runReflectiveCall(FrameworkMethod.java:47)
	at org.junit.internal.runners.model.ReflectiveCallable.run(ReflectiveCallable.java:12)
	at org.junit.runners.model.FrameworkMethod.invokeExplosively(FrameworkMethod.java:44)
	at org.junit.internal.runners.statements.InvokeMethod.evaluate(InvokeMethod.java:17)
	at org.springframework.test.context.junit4.statements.RunBeforeTestMethodCallbacks.evaluate(RunBeforeTestMethodCallbacks.java:74)
	at org.springframework.test.context.junit4.statements.RunAfterTestMethodCallbacks.evaluate(RunAfterTestMethodCallbacks.java:83)
	at org.springframework.test.context.junit4.statements.SpringRepeat.evaluate(SpringRepeat.java:72)
	at org.springframework.test.context.junit4.SpringJUnit4ClassRunner.runChild(SpringJUnit4ClassRunner.java:233)
	at org.springframework.test.context.junit4.SpringJUnit4ClassRunner.runChild(SpringJUnit4ClassRunner.java:87)
	at org.junit.runners.ParentRunner$3.run(ParentRunner.java:238)
	at org.junit.runners.ParentRunner$1.schedule(ParentRunner.java:63)
	at org.junit.runners.ParentRunner.runChildren(ParentRunner.java:236)
	at org.junit.runners.ParentRunner.access$000(ParentRunner.java:53)
	at org.junit.runners.ParentRunner$2.evaluate(ParentRunner.java:229)
	at org.springframework.test.context.junit4.statements.RunBeforeTestClassCallbacks.evaluate(RunBeforeTestClassCallbacks.java:61)
	at org.springframework.test.context.junit4.statements.RunAfterTestClassCallbacks.evaluate(RunAfterTestClassCallbacks.java:71)
	at org.junit.runners.ParentRunner.run(ParentRunner.java:309)
	at org.springframework.test.context.junit4.SpringJUnit4ClassRunner.run(SpringJUnit4ClassRunner.java:176)
	at org.eclipse.jdt.internal.junit4.runner.JUnit4TestReference.run(JUnit4TestReference.java:50)
	at org.eclipse.jdt.internal.junit.runner.TestExecution.run(TestExecution.java:38)
	at org.eclipse.jdt.internal.junit.runner.RemoteTestRunner.runTests(RemoteTestRunner.java:467)
	at org.eclipse.jdt.internal.junit.runner.RemoteTestRunner.runTests(RemoteTestRunner.java:683)
	at org.eclipse.jdt.internal.junit.runner.RemoteTestRunner.run(RemoteTestRunner.java:390)
	at org.eclipse.jdt.internal.junit.runner.RemoteTestRunner.main(RemoteTestRunner.java:197)
11:19:03,505 DEBUG main hibernate.SQL:109 - select distinct geek0_.ID as ID1_1_0_, centreinte2_.ID as ID1_0_1_, geek0_.age as age2_1_0_, geek0_.MAIL as MAIL3_1_0_, geek0_.nom as nom4_1_0_, geek0_.pathavatar as pathavat5_1_0_, geek0_.prenom as prenom6_1_0_, geek0_.sexe as sexe7_1_0_, centreinte2_.description as descript2_0_1_, centreinte2_.titre as titre3_0_1_, listecentr1_.ID_GEEK as ID_GEEK1_1_0__, listecentr1_.ID_INTERET as ID_INTER2_2_0__ from GEEK geek0_ left outer join GEEK_CENTRES_INTERET listecentr1_ on geek0_.ID=listecentr1_.ID_GEEK left outer join CENTRES_INTERET centreinte2_ on listecentr1_.ID_INTERET=centreinte2_.ID where geek0_.ID=?
11:19:03,610 DEBUG main hibernate.SQL:109 - select distinct geek0_.ID as ID1_1_0_, centreinte2_.ID as ID1_0_1_, geek0_.age as age2_1_0_, geek0_.MAIL as MAIL3_1_0_, geek0_.nom as nom4_1_0_, geek0_.pathavatar as pathavat5_1_0_, geek0_.prenom as prenom6_1_0_, geek0_.sexe as sexe7_1_0_, centreinte2_.description as descript2_0_1_, centreinte2_.titre as titre3_0_1_, listecentr1_.ID_GEEK as ID_GEEK1_1_0__, listecentr1_.ID_INTERET as ID_INTER2_2_0__ from GEEK geek0_ left outer join GEEK_CENTRES_INTERET listecentr1_ on geek0_.ID=listecentr1_.ID_GEEK left outer join CENTRES_INTERET centreinte2_ on listecentr1_.ID_INTERET=centreinte2_.ID where geek0_.ID=?
11:19:03,715 DEBUG main hibernate.SQL:109 - select distinct geek0_.ID as ID1_1_0_, centreinte2_.ID as ID1_0_1_, geek0_.age as age2_1_0_, geek0_.MAIL as MAIL3_1_0_, geek0_.nom as nom4_1_0_, geek0_.pathavatar as pathavat5_1_0_, geek0_.prenom as prenom6_1_0_, geek0_.sexe as sexe7_1_0_, centreinte2_.description as descript2_0_1_, centreinte2_.titre as titre3_0_1_, listecentr1_.ID_GEEK as ID_GEEK1_1_0__, listecentr1_.ID_INTERET as ID_INTER2_2_0__ from GEEK geek0_ left outer join GEEK_CENTRES_INTERET listecentr1_ on geek0_.ID=listecentr1_.ID_GEEK left outer join CENTRES_INTERET centreinte2_ on listecentr1_.ID_INTERET=centreinte2_.ID where geek0_.ID=?
11:19:19,309 DEBUG main hibernate.SQL:109 - select distinct geek0_.ID as ID1_1_0_, centreinte2_.ID as ID1_0_1_, geek0_.age as age2_1_0_, geek0_.MAIL as MAIL3_1_0_, geek0_.nom as nom4_1_0_, geek0_.pathavatar as pathavat5_1_0_, geek0_.prenom as prenom6_1_0_, geek0_.sexe as sexe7_1_0_, centreinte2_.description as descript2_0_1_, centreinte2_.titre as titre3_0_1_, listecentr1_.ID_GEEK as ID_GEEK1_1_0__, listecentr1_.ID_INTERET as ID_INTER2_2_0__ from GEEK geek0_ left outer join GEEK_CENTRES_INTERET listecentr1_ on geek0_.ID=listecentr1_.ID_GEEK left outer join CENTRES_INTERET centreinte2_ on listecentr1_.ID_INTERET=centreinte2_.ID
11:19:19,454 DEBUG main hibernate.SQL:109 - select distinct geek0_.ID as ID1_1_0_, centreinte2_.ID as ID1_0_1_, geek0_.age as age2_1_0_, geek0_.MAIL as MAIL3_1_0_, geek0_.nom as nom4_1_0_, geek0_.pathavatar as pathavat5_1_0_, geek0_.prenom as prenom6_1_0_, geek0_.sexe as sexe7_1_0_, centreinte2_.description as descript2_0_1_, centreinte2_.titre as titre3_0_1_, listecentr1_.ID_GEEK as ID_GEEK1_1_0__, listecentr1_.ID_INTERET as ID_INTER2_2_0__ from GEEK geek0_ left outer join GEEK_CENTRES_INTERET listecentr1_ on geek0_.ID=listecentr1_.ID_GEEK left outer join CENTRES_INTERET centreinte2_ on listecentr1_.ID_INTERET=centreinte2_.ID where geek0_.nom=? and geek0_.prenom=?
11:19:19,560 DEBUG main hibernate.SQL:109 - select distinct geek0_.ID as ID1_1_0_, centreinte2_.ID as ID1_0_1_, geek0_.age as age2_1_0_, geek0_.MAIL as MAIL3_1_0_, geek0_.nom as nom4_1_0_, geek0_.pathavatar as pathavat5_1_0_, geek0_.prenom as prenom6_1_0_, geek0_.sexe as sexe7_1_0_, centreinte2_.description as descript2_0_1_, centreinte2_.titre as titre3_0_1_, listecentr1_.ID_GEEK as ID_GEEK1_1_0__, listecentr1_.ID_INTERET as ID_INTER2_2_0__ from GEEK geek0_ left outer join GEEK_CENTRES_INTERET listecentr1_ on geek0_.ID=listecentr1_.ID_GEEK left outer join CENTRES_INTERET centreinte2_ on listecentr1_.ID_INTERET=centreinte2_.ID where geek0_.nom=? and geek0_.prenom=?
11:19:19,665 DEBUG main hibernate.SQL:109 - select distinct geek0_.ID as ID1_1_0_, centreinte2_.ID as ID1_0_1_, geek0_.age as age2_1_0_, geek0_.MAIL as MAIL3_1_0_, geek0_.nom as nom4_1_0_, geek0_.pathavatar as pathavat5_1_0_, geek0_.prenom as prenom6_1_0_, geek0_.sexe as sexe7_1_0_, centreinte2_.description as descript2_0_1_, centreinte2_.titre as titre3_0_1_, listecentr1_.ID_GEEK as ID_GEEK1_1_0__, listecentr1_.ID_INTERET as ID_INTER2_2_0__ from GEEK geek0_ left outer join GEEK_CENTRES_INTERET listecentr1_ on geek0_.ID=listecentr1_.ID_GEEK left outer join CENTRES_INTERET centreinte2_ on listecentr1_.ID_INTERET=centreinte2_.ID where geek0_.nom=? and geek0_.prenom=?
11:19:19,775 ERROR main ast.ErrorCounter:78 -  Invalid path: 's.listeCentreInteret'
11:19:19,776 ERROR main ast.ErrorCounter:73 -  Invalid path: 's.listeCentreInteret'
 Invalid path: 's.listeCentreInteret'
	at org.hibernate.hql.internal.ast.util.LiteralProcessor.lookupConstant(LiteralProcessor.java:129)
	at org.hibernate.hql.internal.ast.tree.DotNode.resolve(DotNode.java:225)
	at org.hibernate.hql.internal.ast.tree.FromReferenceNode.resolve(FromReferenceNode.java:126)
	at org.hibernate.hql.internal.ast.HqlSqlWalker.createFromJoinElement(HqlSqlWalker.java:386)
	at org.hibernate.hql.internal.antlr.HqlSqlBaseWalker.joinElement(HqlSqlBaseWalker.java:3858)
	at org.hibernate.hql.internal.antlr.HqlSqlBaseWalker.fromElement(HqlSqlBaseWalker.java:3644)
	at org.hibernate.hql.internal.antlr.HqlSqlBaseWalker.fromElementList(HqlSqlBaseWalker.java:3522)
	at org.hibernate.hql.internal.antlr.HqlSqlBaseWalker.fromClause(HqlSqlBaseWalker.java:706)
	at org.hibernate.hql.internal.antlr.HqlSqlBaseWalker.query(HqlSqlBaseWalker.java:562)
	at org.hibernate.hql.internal.antlr.HqlSqlBaseWalker.selectStatement(HqlSqlBaseWalker.java:299)
	at org.hibernate.hql.internal.antlr.HqlSqlBaseWalker.statement(HqlSqlBaseWalker.java:247)
	at org.hibernate.hql.internal.ast.QueryTranslatorImpl.analyze(QueryTranslatorImpl.java:278)
	at org.hibernate.hql.internal.ast.QueryTranslatorImpl.doCompile(QueryTranslatorImpl.java:206)
	at org.hibernate.hql.internal.ast.QueryTranslatorImpl.compile(QueryTranslatorImpl.java:158)
	at org.hibernate.engine.query.spi.HQLQueryPlan.<init>(HQLQueryPlan.java:126)
	at org.hibernate.engine.query.spi.HQLQueryPlan.<init>(HQLQueryPlan.java:88)
	at org.hibernate.engine.query.spi.QueryPlanCache.getHQLQueryPlan(QueryPlanCache.java:190)
	at org.hibernate.internal.AbstractSessionImpl.getHQLQueryPlan(AbstractSessionImpl.java:301)
	at org.hibernate.internal.AbstractSessionImpl.createQuery(AbstractSessionImpl.java:236)
	at org.hibernate.internal.SessionImpl.createQuery(SessionImpl.java:1800)
	at org.hibernate.jpa.spi.AbstractEntityManagerImpl.createQuery(AbstractEntityManagerImpl.java:342)
	at sun.reflect.NativeMethodAccessorImpl.invoke0(Native Method)
	at sun.reflect.NativeMethodAccessorImpl.invoke(Unknown Source)
	at sun.reflect.DelegatingMethodAccessorImpl.invoke(Unknown Source)
	at java.lang.reflect.Method.invoke(Unknown Source)
	at org.springframework.orm.jpa.ExtendedEntityManagerCreator$ExtendedEntityManagerInvocationHandler.invoke(ExtendedEntityManagerCreator.java:342)
	at com.sun.proxy.$Proxy35.createQuery(Unknown Source)
	at sun.reflect.NativeMethodAccessorImpl.invoke0(Native Method)
	at sun.reflect.NativeMethodAccessorImpl.invoke(Unknown Source)
	at sun.reflect.DelegatingMethodAccessorImpl.invoke(Unknown Source)
	at java.lang.reflect.Method.invoke(Unknown Source)
	at org.springframework.orm.jpa.SharedEntityManagerCreator$SharedEntityManagerInvocationHandler.invoke(SharedEntityManagerCreator.java:262)
	at com.sun.proxy.$Proxy33.createQuery(Unknown Source)
	at com.ninja_squad.geektic.dao.GeekDao.findBySexe(GeekDao.java:60)
	at com.ninja_squad.geektic.dao.GeekDaoTest.testFindBySexe(GeekDaoTest.java:55)
	at sun.reflect.NativeMethodAccessorImpl.invoke0(Native Method)
	at sun.reflect.NativeMethodAccessorImpl.invoke(Unknown Source)
	at sun.reflect.DelegatingMethodAccessorImpl.invoke(Unknown Source)
	at java.lang.reflect.Method.invoke(Unknown Source)
	at org.junit.runners.model.FrameworkMethod$1.runReflectiveCall(FrameworkMethod.java:47)
	at org.junit.internal.runners.model.ReflectiveCallable.run(ReflectiveCallable.java:12)
	at org.junit.runners.model.FrameworkMethod.invokeExplosively(FrameworkMethod.java:44)
	at org.junit.internal.runners.statements.InvokeMethod.evaluate(InvokeMethod.java:17)
	at org.springframework.test.context.junit4.statements.RunBeforeTestMethodCallbacks.evaluate(RunBeforeTestMethodCallbacks.java:74)
	at org.springframework.test.context.junit4.statements.RunAfterTestMethodCallbacks.evaluate(RunAfterTestMethodCallbacks.java:83)
	at org.springframework.test.context.junit4.statements.SpringRepeat.evaluate(SpringRepeat.java:72)
	at org.springframework.test.context.junit4.SpringJUnit4ClassRunner.runChild(SpringJUnit4ClassRunner.java:233)
	at org.springframework.test.context.junit4.SpringJUnit4ClassRunner.runChild(SpringJUnit4ClassRunner.java:87)
	at org.junit.runners.ParentRunner$3.run(ParentRunner.java:238)
	at org.junit.runners.ParentRunner$1.schedule(ParentRunner.java:63)
	at org.junit.runners.ParentRunner.runChildren(ParentRunner.java:236)
	at org.junit.runners.ParentRunner.access$000(ParentRunner.java:53)
	at org.junit.runners.ParentRunner$2.evaluate(ParentRunner.java:229)
	at org.springframework.test.context.junit4.statements.RunBeforeTestClassCallbacks.evaluate(RunBeforeTestClassCallbacks.java:61)
	at org.springframework.test.context.junit4.statements.RunAfterTestClassCallbacks.evaluate(RunAfterTestClassCallbacks.java:71)
	at org.junit.runners.ParentRunner.run(ParentRunner.java:309)
	at org.springframework.test.context.junit4.SpringJUnit4ClassRunner.run(SpringJUnit4ClassRunner.java:176)
	at org.eclipse.jdt.internal.junit4.runner.JUnit4TestReference.run(JUnit4TestReference.java:50)
	at org.eclipse.jdt.internal.junit.runner.TestExecution.run(TestExecution.java:38)
	at org.eclipse.jdt.internal.junit.runner.RemoteTestRunner.runTests(RemoteTestRunner.java:467)
	at org.eclipse.jdt.internal.junit.runner.RemoteTestRunner.runTests(RemoteTestRunner.java:683)
	at org.eclipse.jdt.internal.junit.runner.RemoteTestRunner.run(RemoteTestRunner.java:390)
	at org.eclipse.jdt.internal.junit.runner.RemoteTestRunner.main(RemoteTestRunner.java:197)
11:19:19,787 DEBUG main hibernate.SQL:109 - select distinct geek0_.ID as ID1_1_0_, centreinte2_.ID as ID1_0_1_, geek0_.age as age2_1_0_, geek0_.MAIL as MAIL3_1_0_, geek0_.nom as nom4_1_0_, geek0_.pathavatar as pathavat5_1_0_, geek0_.prenom as prenom6_1_0_, geek0_.sexe as sexe7_1_0_, centreinte2_.description as descript2_0_1_, centreinte2_.titre as titre3_0_1_, listecentr1_.ID_GEEK as ID_GEEK1_1_0__, listecentr1_.ID_INTERET as ID_INTER2_2_0__ from GEEK geek0_ left outer join GEEK_CENTRES_INTERET listecentr1_ on geek0_.ID=listecentr1_.ID_GEEK left outer join CENTRES_INTERET centreinte2_ on listecentr1_.ID_INTERET=centreinte2_.ID where geek0_.ID=?
11:19:19,892 DEBUG main hibernate.SQL:109 - select distinct geek0_.ID as ID1_1_0_, centreinte2_.ID as ID1_0_1_, geek0_.age as age2_1_0_, geek0_.MAIL as MAIL3_1_0_, geek0_.nom as nom4_1_0_, geek0_.pathavatar as pathavat5_1_0_, geek0_.prenom as prenom6_1_0_, geek0_.sexe as sexe7_1_0_, centreinte2_.description as descript2_0_1_, centreinte2_.titre as titre3_0_1_, listecentr1_.ID_GEEK as ID_GEEK1_1_0__, listecentr1_.ID_INTERET as ID_INTER2_2_0__ from GEEK geek0_ left outer join GEEK_CENTRES_INTERET listecentr1_ on geek0_.ID=listecentr1_.ID_GEEK left outer join CENTRES_INTERET centreinte2_ on listecentr1_.ID_INTERET=centreinte2_.ID where geek0_.ID=?
11:19:19,997 DEBUG main hibernate.SQL:109 - select distinct geek0_.ID as ID1_1_0_, centreinte2_.ID as ID1_0_1_, geek0_.age as age2_1_0_, geek0_.MAIL as MAIL3_1_0_, geek0_.nom as nom4_1_0_, geek0_.pathavatar as pathavat5_1_0_, geek0_.prenom as prenom6_1_0_, geek0_.sexe as sexe7_1_0_, centreinte2_.description as descript2_0_1_, centreinte2_.titre as titre3_0_1_, listecentr1_.ID_GEEK as ID_GEEK1_1_0__, listecentr1_.ID_INTERET as ID_INTER2_2_0__ from GEEK geek0_ left outer join GEEK_CENTRES_INTERET listecentr1_ on geek0_.ID=listecentr1_.ID_GEEK left outer join CENTRES_INTERET centreinte2_ on listecentr1_.ID_INTERET=centreinte2_.ID where geek0_.ID=?
11:19:54,240 DEBUG main hibernate.SQL:109 - select distinct geek0_.ID as ID1_1_0_, centreinte2_.ID as ID1_0_1_, geek0_.age as age2_1_0_, geek0_.MAIL as MAIL3_1_0_, geek0_.nom as nom4_1_0_, geek0_.pathavatar as pathavat5_1_0_, geek0_.prenom as prenom6_1_0_, geek0_.sexe as sexe7_1_0_, centreinte2_.description as descript2_0_1_, centreinte2_.titre as titre3_0_1_, listecentr1_.ID_GEEK as ID_GEEK1_1_0__, listecentr1_.ID_INTERET as ID_INTER2_2_0__ from GEEK geek0_ left outer join GEEK_CENTRES_INTERET listecentr1_ on geek0_.ID=listecentr1_.ID_GEEK left outer join CENTRES_INTERET centreinte2_ on listecentr1_.ID_INTERET=centreinte2_.ID
11:19:54,386 DEBUG main hibernate.SQL:109 - select distinct geek0_.ID as ID1_1_0_, centreinte2_.ID as ID1_0_1_, geek0_.age as age2_1_0_, geek0_.MAIL as MAIL3_1_0_, geek0_.nom as nom4_1_0_, geek0_.pathavatar as pathavat5_1_0_, geek0_.prenom as prenom6_1_0_, geek0_.sexe as sexe7_1_0_, centreinte2_.description as descript2_0_1_, centreinte2_.titre as titre3_0_1_, listecentr1_.ID_GEEK as ID_GEEK1_1_0__, listecentr1_.ID_INTERET as ID_INTER2_2_0__ from GEEK geek0_ left outer join GEEK_CENTRES_INTERET listecentr1_ on geek0_.ID=listecentr1_.ID_GEEK left outer join CENTRES_INTERET centreinte2_ on listecentr1_.ID_INTERET=centreinte2_.ID where geek0_.nom=? and geek0_.prenom=?
11:19:54,491 DEBUG main hibernate.SQL:109 - select distinct geek0_.ID as ID1_1_0_, centreinte2_.ID as ID1_0_1_, geek0_.age as age2_1_0_, geek0_.MAIL as MAIL3_1_0_, geek0_.nom as nom4_1_0_, geek0_.pathavatar as pathavat5_1_0_, geek0_.prenom as prenom6_1_0_, geek0_.sexe as sexe7_1_0_, centreinte2_.description as descript2_0_1_, centreinte2_.titre as titre3_0_1_, listecentr1_.ID_GEEK as ID_GEEK1_1_0__, listecentr1_.ID_INTERET as ID_INTER2_2_0__ from GEEK geek0_ left outer join GEEK_CENTRES_INTERET listecentr1_ on geek0_.ID=listecentr1_.ID_GEEK left outer join CENTRES_INTERET centreinte2_ on listecentr1_.ID_INTERET=centreinte2_.ID where geek0_.nom=? and geek0_.prenom=?
11:19:54,596 DEBUG main hibernate.SQL:109 - select distinct geek0_.ID as ID1_1_0_, centreinte2_.ID as ID1_0_1_, geek0_.age as age2_1_0_, geek0_.MAIL as MAIL3_1_0_, geek0_.nom as nom4_1_0_, geek0_.pathavatar as pathavat5_1_0_, geek0_.prenom as prenom6_1_0_, geek0_.sexe as sexe7_1_0_, centreinte2_.description as descript2_0_1_, centreinte2_.titre as titre3_0_1_, listecentr1_.ID_GEEK as ID_GEEK1_1_0__, listecentr1_.ID_INTERET as ID_INTER2_2_0__ from GEEK geek0_ left outer join GEEK_CENTRES_INTERET listecentr1_ on geek0_.ID=listecentr1_.ID_GEEK left outer join CENTRES_INTERET centreinte2_ on listecentr1_.ID_INTERET=centreinte2_.ID where geek0_.nom=? and geek0_.prenom=?
11:19:54,705 DEBUG main hibernate.SQL:109 - select distinct geek0_.ID as ID1_1_0_, centreinte2_.ID as ID1_0_1_, geek0_.age as age2_1_0_, geek0_.MAIL as MAIL3_1_0_, geek0_.nom as nom4_1_0_, geek0_.pathavatar as pathavat5_1_0_, geek0_.prenom as prenom6_1_0_, geek0_.sexe as sexe7_1_0_, centreinte2_.description as descript2_0_1_, centreinte2_.titre as titre3_0_1_, listecentr1_.ID_GEEK as ID_GEEK1_1_0__, listecentr1_.ID_INTERET as ID_INTER2_2_0__ from GEEK geek0_ left outer join GEEK_CENTRES_INTERET listecentr1_ on geek0_.ID=listecentr1_.ID_GEEK left outer join CENTRES_INTERET centreinte2_ on listecentr1_.ID_INTERET=centreinte2_.ID where geek0_.sexe=?
11:19:54,810 DEBUG main hibernate.SQL:109 - select distinct geek0_.ID as ID1_1_0_, centreinte2_.ID as ID1_0_1_, geek0_.age as age2_1_0_, geek0_.MAIL as MAIL3_1_0_, geek0_.nom as nom4_1_0_, geek0_.pathavatar as pathavat5_1_0_, geek0_.prenom as prenom6_1_0_, geek0_.sexe as sexe7_1_0_, centreinte2_.description as descript2_0_1_, centreinte2_.titre as titre3_0_1_, listecentr1_.ID_GEEK as ID_GEEK1_1_0__, listecentr1_.ID_INTERET as ID_INTER2_2_0__ from GEEK geek0_ left outer join GEEK_CENTRES_INTERET listecentr1_ on geek0_.ID=listecentr1_.ID_GEEK left outer join CENTRES_INTERET centreinte2_ on listecentr1_.ID_INTERET=centreinte2_.ID where geek0_.sexe=?
11:19:54,921 DEBUG main hibernate.SQL:109 - select distinct geek0_.ID as ID1_1_0_, centreinte2_.ID as ID1_0_1_, geek0_.age as age2_1_0_, geek0_.MAIL as MAIL3_1_0_, geek0_.nom as nom4_1_0_, geek0_.pathavatar as pathavat5_1_0_, geek0_.prenom as prenom6_1_0_, geek0_.sexe as sexe7_1_0_, centreinte2_.description as descript2_0_1_, centreinte2_.titre as titre3_0_1_, listecentr1_.ID_GEEK as ID_GEEK1_1_0__, listecentr1_.ID_INTERET as ID_INTER2_2_0__ from GEEK geek0_ left outer join GEEK_CENTRES_INTERET listecentr1_ on geek0_.ID=listecentr1_.ID_GEEK left outer join CENTRES_INTERET centreinte2_ on listecentr1_.ID_INTERET=centreinte2_.ID where geek0_.ID=?
11:19:55,026 DEBUG main hibernate.SQL:109 - select distinct geek0_.ID as ID1_1_0_, centreinte2_.ID as ID1_0_1_, geek0_.age as age2_1_0_, geek0_.MAIL as MAIL3_1_0_, geek0_.nom as nom4_1_0_, geek0_.pathavatar as pathavat5_1_0_, geek0_.prenom as prenom6_1_0_, geek0_.sexe as sexe7_1_0_, centreinte2_.description as descript2_0_1_, centreinte2_.titre as titre3_0_1_, listecentr1_.ID_GEEK as ID_GEEK1_1_0__, listecentr1_.ID_INTERET as ID_INTER2_2_0__ from GEEK geek0_ left outer join GEEK_CENTRES_INTERET listecentr1_ on geek0_.ID=listecentr1_.ID_GEEK left outer join CENTRES_INTERET centreinte2_ on listecentr1_.ID_INTERET=centreinte2_.ID where geek0_.ID=?
11:19:55,131 DEBUG main hibernate.SQL:109 - select distinct geek0_.ID as ID1_1_0_, centreinte2_.ID as ID1_0_1_, geek0_.age as age2_1_0_, geek0_.MAIL as MAIL3_1_0_, geek0_.nom as nom4_1_0_, geek0_.pathavatar as pathavat5_1_0_, geek0_.prenom as prenom6_1_0_, geek0_.sexe as sexe7_1_0_, centreinte2_.description as descript2_0_1_, centreinte2_.titre as titre3_0_1_, listecentr1_.ID_GEEK as ID_GEEK1_1_0__, listecentr1_.ID_INTERET as ID_INTER2_2_0__ from GEEK geek0_ left outer join GEEK_CENTRES_INTERET listecentr1_ on geek0_.ID=listecentr1_.ID_GEEK left outer join CENTRES_INTERET centreinte2_ on listecentr1_.ID_INTERET=centreinte2_.ID where geek0_.ID=?
